Analysis & Synthesis report for Lab1
Thu Feb 07 17:08:12 2019
Quartus Prime Version 18.1.0 Build 625 09/12/2018 SJ Lite Edition


---------------------
; Table of Contents ;
---------------------
  1. Legal Notice
  2. Analysis & Synthesis Summary
  3. Analysis & Synthesis Settings
  4. Parallel Compilation
  5. Analysis & Synthesis Source Files Read
  6. Analysis & Synthesis Resource Usage Summary
  7. Analysis & Synthesis Resource Utilization by Entity
  8. General Register Statistics
  9. Port Connectivity Checks: "BCDadder:dut|Decoder7Seg:Decoderpart3"
 10. Port Connectivity Checks: "BCDadder:dut|Decoder7Seg:Decoderpart2"
 11. Post-Synthesis Netlist Statistics for Top Partition
 12. Elapsed Time Per Partition
 13. Analysis & Synthesis Messages



----------------
; Legal Notice ;
----------------
Copyright (C) 2018  Intel Corporation. All rights reserved.
Your use of Intel Corporation's design tools, logic functions 
and other software and tools, and its AMPP partner logic 
functions, and any output files from any of the foregoing 
(including device programming or simulation files), and any 
associated documentation or information are expressly subject 
to the terms and conditions of the Intel Program License 
Subscription Agreement, the Intel Quartus Prime License Agreement,
the Intel FPGA IP License Agreement, or other applicable license
agreement, including, without limitation, that your use is for
the sole purpose of programming logic devices manufactured by
Intel and sold by Intel or its authorized distributors.  Please
refer to the applicable agreement for further details.



+-------------------------------------------------------------------------------+
; Analysis & Synthesis Summary                                                  ;
+---------------------------------+---------------------------------------------+
; Analysis & Synthesis Status     ; Successful - Thu Feb 07 17:08:11 2019       ;
; Quartus Prime Version           ; 18.1.0 Build 625 09/12/2018 SJ Lite Edition ;
; Revision Name                   ; Lab1                                        ;
; Top-level Entity Name           ; BCDadder_board                              ;
; Family                          ; Cyclone V                                   ;
; Logic utilization (in ALMs)     ; N/A                                         ;
; Total registers                 ; 0                                           ;
; Total pins                      ; 62                                          ;
; Total virtual pins              ; 0                                           ;
; Total block memory bits         ; 0                                           ;
; Total DSP Blocks                ; 0                                           ;
; Total HSSI RX PCSs              ; 0                                           ;
; Total HSSI PMA RX Deserializers ; 0                                           ;
; Total HSSI TX PCSs              ; 0                                           ;
; Total HSSI PMA TX Serializers   ; 0                                           ;
; Total PLLs                      ; 0                                           ;
; Total DLLs                      ; 0                                           ;
+---------------------------------+---------------------------------------------+


+---------------------------------------------------------------------------------------------------------------------------+
; Analysis & Synthesis Settings                                                                                             ;
+---------------------------------------------------------------------------------+--------------------+--------------------+
; Option                                                                          ; Setting            ; Default Value      ;
+---------------------------------------------------------------------------------+--------------------+--------------------+
; Device                                                                          ; 5CSEMA5F31C6       ;                    ;
; Top-level entity name                                                           ; BCDadder_board     ; Lab1               ;
; Family name                                                                     ; Cyclone V          ; Cyclone V          ;
; Use smart compilation                                                           ; Off                ; Off                ;
; Enable parallel Assembler and Timing Analyzer during compilation                ; On                 ; On                 ;
; Enable compact report table                                                     ; Off                ; Off                ;
; Restructure Multiplexers                                                        ; Auto               ; Auto               ;
; MLAB Add Timing Constraints For Mixed-Port Feed-Through Mode Setting Don't Care ; Off                ; Off                ;
; Create Debugging Nodes for IP Cores                                             ; Off                ; Off                ;
; Preserve fewer node names                                                       ; On                 ; On                 ;
; Intel FPGA IP Evaluation Mode                                                   ; Enable             ; Enable             ;
; Verilog Version                                                                 ; Verilog_2001       ; Verilog_2001       ;
; VHDL Version                                                                    ; VHDL_1993          ; VHDL_1993          ;
; State Machine Processing                                                        ; Auto               ; Auto               ;
; Safe State Machine                                                              ; Off                ; Off                ;
; Extract Verilog State Machines                                                  ; On                 ; On                 ;
; Extract VHDL State Machines                                                     ; On                 ; On                 ;
; Ignore Verilog initial constructs                                               ; Off                ; Off                ;
; Iteration limit for constant Verilog loops                                      ; 5000               ; 5000               ;
; Iteration limit for non-constant Verilog loops                                  ; 250                ; 250                ;
; Add Pass-Through Logic to Inferred RAMs                                         ; On                 ; On                 ;
; Infer RAMs from Raw Logic                                                       ; On                 ; On                 ;
; Parallel Synthesis                                                              ; On                 ; On                 ;
; DSP Block Balancing                                                             ; Auto               ; Auto               ;
; NOT Gate Push-Back                                                              ; On                 ; On                 ;
; Power-Up Don't Care                                                             ; On                 ; On                 ;
; Remove Redundant Logic Cells                                                    ; Off                ; Off                ;
; Remove Duplicate Registers                                                      ; On                 ; On                 ;
; Ignore CARRY Buffers                                                            ; Off                ; Off                ;
; Ignore CASCADE Buffers                                                          ; Off                ; Off                ;
; Ignore GLOBAL Buffers                                                           ; Off                ; Off                ;
; Ignore ROW GLOBAL Buffers                                                       ; Off                ; Off                ;
; Ignore LCELL Buffers                                                            ; Off                ; Off                ;
; Ignore SOFT Buffers                                                             ; On                 ; On                 ;
; Limit AHDL Integers to 32 Bits                                                  ; Off                ; Off                ;
; Optimization Technique                                                          ; Balanced           ; Balanced           ;
; Carry Chain Length                                                              ; 70                 ; 70                 ;
; Auto Carry Chains                                                               ; On                 ; On                 ;
; Auto Open-Drain Pins                                                            ; On                 ; On                 ;
; Perform WYSIWYG Primitive Resynthesis                                           ; Off                ; Off                ;
; Auto ROM Replacement                                                            ; On                 ; On                 ;
; Auto RAM Replacement                                                            ; On                 ; On                 ;
; Auto DSP Block Replacement                                                      ; On                 ; On                 ;
; Auto Shift Register Replacement                                                 ; Auto               ; Auto               ;
; Allow Shift Register Merging across Hierarchies                                 ; Auto               ; Auto               ;
; Auto Clock Enable Replacement                                                   ; On                 ; On                 ;
; Strict RAM Replacement                                                          ; Off                ; Off                ;
; Allow Synchronous Control Signals                                               ; On                 ; On                 ;
; Force Use of Synchronous Clear Signals                                          ; Off                ; Off                ;
; Auto Resource Sharing                                                           ; Off                ; Off                ;
; Allow Any RAM Size For Recognition                                              ; Off                ; Off                ;
; Allow Any ROM Size For Recognition                                              ; Off                ; Off                ;
; Allow Any Shift Register Size For Recognition                                   ; Off                ; Off                ;
; Use LogicLock Constraints during Resource Balancing                             ; On                 ; On                 ;
; Ignore translate_off and synthesis_off directives                               ; Off                ; Off                ;
; Timing-Driven Synthesis                                                         ; On                 ; On                 ;
; Report Parameter Settings                                                       ; On                 ; On                 ;
; Report Source Assignments                                                       ; On                 ; On                 ;
; Report Connectivity Checks                                                      ; On                 ; On                 ;
; Ignore Maximum Fan-Out Assignments                                              ; Off                ; Off                ;
; Synchronization Register Chain Length                                           ; 3                  ; 3                  ;
; Power Optimization During Synthesis                                             ; Normal compilation ; Normal compilation ;
; HDL message level                                                               ; Level2             ; Level2             ;
; Suppress Register Optimization Related Messages                                 ; Off                ; Off                ;
; Number of Removed Registers Reported in Synthesis Report                        ; 5000               ; 5000               ;
; Number of Swept Nodes Reported in Synthesis Report                              ; 5000               ; 5000               ;
; Number of Inverted Registers Reported in Synthesis Report                       ; 100                ; 100                ;
; Clock MUX Protection                                                            ; On                 ; On                 ;
; Auto Gated Clock Conversion                                                     ; Off                ; Off                ;
; Block Design Naming                                                             ; Auto               ; Auto               ;
; SDC constraint protection                                                       ; Off                ; Off                ;
; Synthesis Effort                                                                ; Auto               ; Auto               ;
; Shift Register Replacement - Allow Asynchronous Clear Signal                    ; On                 ; On                 ;
; Pre-Mapping Resynthesis Optimization                                            ; Off                ; Off                ;
; Analysis & Synthesis Message Level                                              ; Medium             ; Medium             ;
; Disable Register Merging Across Hierarchies                                     ; Auto               ; Auto               ;
; Resource Aware Inference For Block RAM                                          ; On                 ; On                 ;
; Automatic Parallel Synthesis                                                    ; On                 ; On                 ;
; Partial Reconfiguration Bitstream ID                                            ; Off                ; Off                ;
+---------------------------------------------------------------------------------+--------------------+--------------------+


+------------------------------------------+
; Parallel Compilation                     ;
+----------------------------+-------------+
; Processors                 ; Number      ;
+----------------------------+-------------+
; Number detected on machine ; 4           ;
; Maximum allowed            ; 2           ;
;                            ;             ;
; Average used               ; 1.00        ;
; Maximum used               ; 1           ;
;                            ;             ;
; Usage by Processor         ; % Time Used ;
;     Processor 1            ; 100.0%      ;
+----------------------------+-------------+


+-----------------------------------------------------------------------------------------------------------------------------------------------+
; Analysis & Synthesis Source Files Read                                                                                                        ;
+--------------------------------------+-----------------+-----------------+----------------------------------------------------------+---------+
; File Name with User-Entered Path     ; Used in Netlist ; File Type       ; File Name with Absolute Path                             ; Library ;
+--------------------------------------+-----------------+-----------------+----------------------------------------------------------+---------+
; ../Full Adder/FullAdder.vhd          ; yes             ; User VHDL File  ; C:/intelFPGA_lite/18.1/Full Adder/FullAdder.vhd          ;         ;
; ../4 Bit Ripple Carry Adder/RCA4.vhd ; yes             ; User VHDL File  ; C:/intelFPGA_lite/18.1/4 Bit Ripple Carry Adder/RCA4.vhd ;         ;
; ../7 Seg Decoder/Decoder7Seg.vhd     ; yes             ; User VHDL File  ; C:/intelFPGA_lite/18.1/7 Seg Decoder/Decoder7Seg.vhd     ;         ;
; ../BCD/BCD.vhd                       ; yes             ; User VHDL File  ; C:/intelFPGA_lite/18.1/BCD/BCD.vhd                       ;         ;
; BCDadder.vhd                         ; yes             ; User VHDL File  ; C:/intelFPGA_lite/18.1/Lab 1/BCDadder.vhd                ;         ;
; BCDadder_board.vhd                   ; yes             ; User VHDL File  ; C:/intelFPGA_lite/18.1/Lab 1/BCDadder_board.vhd          ;         ;
+--------------------------------------+-----------------+-----------------+----------------------------------------------------------+---------+


+-----------------------------------------------------------+
; Analysis & Synthesis Resource Usage Summary               ;
+---------------------------------------------+-------------+
; Resource                                    ; Usage       ;
+---------------------------------------------+-------------+
; Estimate of Logic utilization (ALMs needed) ; 18          ;
;                                             ;             ;
; Combinational ALUT usage for logic          ; 36          ;
;     -- 7 input functions                    ; 0           ;
;     -- 6 input functions                    ; 0           ;
;     -- 5 input functions                    ; 5           ;
;     -- 4 input functions                    ; 26          ;
;     -- <=3 input functions                  ; 5           ;
;                                             ;             ;
; Dedicated logic registers                   ; 0           ;
;                                             ;             ;
; I/O pins                                    ; 62          ;
;                                             ;             ;
; Total DSP Blocks                            ; 0           ;
;                                             ;             ;
; Maximum fan-out node                        ; SW[2]~input ;
; Maximum fan-out                             ; 12          ;
; Total fan-out                               ; 251         ;
; Average fan-out                             ; 1.57        ;
+---------------------------------------------+-------------+


+--------------------------------------------------------------------------------------------------------------------------------------------------------------------------------------------------------------------------------------------+
; Analysis & Synthesis Resource Utilization by Entity                                                                                                                                                                                        ;
+----------------------------------+---------------------+---------------------------+-------------------+------------+------+--------------+----------------------------------------------------------------+----------------+--------------+
; Compilation Hierarchy Node       ; Combinational ALUTs ; Dedicated Logic Registers ; Block Memory Bits ; DSP Blocks ; Pins ; Virtual Pins ; Full Hierarchy Name                                            ; Entity Name    ; Library Name ;
+----------------------------------+---------------------+---------------------------+-------------------+------------+------+--------------+----------------------------------------------------------------+----------------+--------------+
; |BCDadder_board                  ; 36 (0)              ; 0 (0)                     ; 0                 ; 0          ; 62   ; 0            ; |BCDadder_board                                                ; BCDadder_board ; work         ;
;    |BCDadder:dut|                ; 36 (1)              ; 0 (0)                     ; 0                 ; 0          ; 0    ; 0            ; |BCDadder_board|BCDadder:dut                                   ; BCDadder       ; work         ;
;       |BCD:BCDpart|              ; 4 (4)               ; 0 (0)                     ; 0                 ; 0          ; 0    ; 0            ; |BCDadder_board|BCDadder:dut|BCD:BCDpart                       ; BCD            ; work         ;
;       |Decoder7Seg:Decoderpart1| ; 9 (9)               ; 0 (0)                     ; 0                 ; 0          ; 0    ; 0            ; |BCDadder_board|BCDadder:dut|Decoder7Seg:Decoderpart1          ; Decoder7Seg    ; work         ;
;       |Decoder7Seg:Decoderpart2| ; 8 (8)               ; 0 (0)                     ; 0                 ; 0          ; 0    ; 0            ; |BCDadder_board|BCDadder:dut|Decoder7Seg:Decoderpart2          ; Decoder7Seg    ; work         ;
;       |Decoder7Seg:Decoderpart3| ; 8 (8)               ; 0 (0)                     ; 0                 ; 0          ; 0    ; 0            ; |BCDadder_board|BCDadder:dut|Decoder7Seg:Decoderpart3          ; Decoder7Seg    ; work         ;
;       |RCA4:RCApart|             ; 6 (0)               ; 0 (0)                     ; 0                 ; 0          ; 0    ; 0            ; |BCDadder_board|BCDadder:dut|RCA4:RCApart                      ; RCA4           ; work         ;
;          |FullAdder:FullAdder1|  ; 1 (1)               ; 0 (0)                     ; 0                 ; 0          ; 0    ; 0            ; |BCDadder_board|BCDadder:dut|RCA4:RCApart|FullAdder:FullAdder1 ; FullAdder      ; work         ;
;          |FullAdder:FullAdder2|  ; 2 (2)               ; 0 (0)                     ; 0                 ; 0          ; 0    ; 0            ; |BCDadder_board|BCDadder:dut|RCA4:RCApart|FullAdder:FullAdder2 ; FullAdder      ; work         ;
;          |FullAdder:FullAdder3|  ; 1 (1)               ; 0 (0)                     ; 0                 ; 0          ; 0    ; 0            ; |BCDadder_board|BCDadder:dut|RCA4:RCApart|FullAdder:FullAdder3 ; FullAdder      ; work         ;
;          |FullAdder:FullAdder4|  ; 2 (2)               ; 0 (0)                     ; 0                 ; 0          ; 0    ; 0            ; |BCDadder_board|BCDadder:dut|RCA4:RCApart|FullAdder:FullAdder4 ; FullAdder      ; work         ;
+----------------------------------+---------------------+---------------------------+-------------------+------------+------+--------------+----------------------------------------------------------------+----------------+--------------+
Note: For table entries with two numbers listed, the numbers in parentheses indicate the number of resources of the given type used by the specific entity alone. The numbers listed outside of parentheses indicate the total resources of the given type used by the specific entity and all of its sub-entities in the hierarchy.


+------------------------------------------------------+
; General Register Statistics                          ;
+----------------------------------------------+-------+
; Statistic                                    ; Value ;
+----------------------------------------------+-------+
; Total registers                              ; 0     ;
; Number of registers using Synchronous Clear  ; 0     ;
; Number of registers using Synchronous Load   ; 0     ;
; Number of registers using Asynchronous Clear ; 0     ;
; Number of registers using Asynchronous Load  ; 0     ;
; Number of registers using Clock Enable       ; 0     ;
; Number of registers using Preset             ; 0     ;
+----------------------------------------------+-------+


+-------------------------------------------------------------------+
; Port Connectivity Checks: "BCDadder:dut|Decoder7Seg:Decoderpart3" ;
+------+-------+----------+-----------------------------------------+
; Port ; Type  ; Severity ; Details                                 ;
+------+-------+----------+-----------------------------------------+
; c[4] ; Input ; Info     ; Stuck at GND                            ;
+------+-------+----------+-----------------------------------------+


+-------------------------------------------------------------------+
; Port Connectivity Checks: "BCDadder:dut|Decoder7Seg:Decoderpart2" ;
+------+-------+----------+-----------------------------------------+
; Port ; Type  ; Severity ; Details                                 ;
+------+-------+----------+-----------------------------------------+
; c[4] ; Input ; Info     ; Stuck at GND                            ;
+------+-------+----------+-----------------------------------------+


+-----------------------------------------------------+
; Post-Synthesis Netlist Statistics for Top Partition ;
+-----------------------+-----------------------------+
; Type                  ; Count                       ;
+-----------------------+-----------------------------+
; arriav_lcell_comb     ; 44                          ;
;     normal            ; 44                          ;
;         0 data inputs ; 2                           ;
;         1 data inputs ; 6                           ;
;         3 data inputs ; 5                           ;
;         4 data inputs ; 26                          ;
;         5 data inputs ; 5                           ;
; boundary_port         ; 62                          ;
;                       ;                             ;
; Max LUT depth         ; 5.00                        ;
; Average LUT depth     ; 3.13                        ;
+-----------------------+-----------------------------+


+-------------------------------+
; Elapsed Time Per Partition    ;
+----------------+--------------+
; Partition Name ; Elapsed Time ;
+----------------+--------------+
; Top            ; 00:00:00     ;
+----------------+--------------+


+-------------------------------+
; Analysis & Synthesis Messages ;
+-------------------------------+
Info: *******************************************************************
Info: Running Quartus Prime Analysis & Synthesis
    Info: Version 18.1.0 Build 625 09/12/2018 SJ Lite Edition
    Info: Processing started: Thu Feb 07 17:07:51 2019
Info: Command: quartus_map --read_settings_files=on --write_settings_files=off Lab1 -c Lab1
Warning (18236): Number of processors has not been specified which may cause overloading on shared machines.  Set the global assignment NUM_PARALLEL_PROCESSORS in your QSF to an appropriate value for best performance.
Info (20030): Parallel compilation is enabled and will use 2 of the 2 processors detected
Info (12021): Found 2 design units, including 1 entities, in source file /intelfpga_lite/18.1/bcd/bcd_board.vhd
    Info (12022): Found design unit 1: BCD_board-structure File: C:/intelFPGA_lite/18.1/BCD/BCD_board.vhd Line: 10
    Info (12023): Found entity 1: BCD_board File: C:/intelFPGA_lite/18.1/BCD/BCD_board.vhd Line: 4
Info (12021): Found 2 design units, including 1 entities, in source file /intelfpga_lite/18.1/4 bit ripple carry adder/rca4_board.vhd
    Info (12022): Found design unit 1: RCA4_board-structure File: C:/intelFPGA_lite/18.1/4 Bit Ripple Carry Adder/RCA4_board.vhd Line: 10
    Info (12023): Found entity 1: RCA4_board File: C:/intelFPGA_lite/18.1/4 Bit Ripple Carry Adder/RCA4_board.vhd Line: 4
Info (12021): Found 2 design units, including 1 entities, in source file /intelfpga_lite/18.1/7 seg decoder/decoder7seg_board.vhd
    Info (12022): Found design unit 1: Decoder7Seg_board-structure File: C:/intelFPGA_lite/18.1/7 Seg Decoder/Decoder7Seg_board.vhd Line: 10
    Info (12023): Found entity 1: Decoder7Seg_board File: C:/intelFPGA_lite/18.1/7 Seg Decoder/Decoder7Seg_board.vhd Line: 4
Info (12021): Found 2 design units, including 1 entities, in source file /intelfpga_lite/18.1/full adder/fulladder.vhd
    Info (12022): Found design unit 1: FullAdder-dataflow File: C:/intelFPGA_lite/18.1/Full Adder/FullAdder.vhd Line: 10
    Info (12023): Found entity 1: FullAdder File: C:/intelFPGA_lite/18.1/Full Adder/FullAdder.vhd Line: 4
Info (12021): Found 2 design units, including 1 entities, in source file /intelfpga_lite/18.1/4 bit ripple carry adder/rca4.vhd
    Info (12022): Found design unit 1: RCA4-structure File: C:/intelFPGA_lite/18.1/4 Bit Ripple Carry Adder/RCA4.vhd Line: 12
    Info (12023): Found entity 1: RCA4 File: C:/intelFPGA_lite/18.1/4 Bit Ripple Carry Adder/RCA4.vhd Line: 4
Info (12021): Found 2 design units, including 1 entities, in source file /intelfpga_lite/18.1/7 seg decoder/decoder7seg.vhd
    Info (12022): Found design unit 1: Decoder7Seg-behavioral File: C:/intelFPGA_lite/18.1/7 Seg Decoder/Decoder7Seg.vhd Line: 10
    Info (12023): Found entity 1: Decoder7Seg File: C:/intelFPGA_lite/18.1/7 Seg Decoder/Decoder7Seg.vhd Line: 4
Info (12021): Found 2 design units, including 1 entities, in source file /intelfpga_lite/18.1/bcd/bcd.vhd
    Info (12022): Found design unit 1: BCD-behavioral File: C:/intelFPGA_lite/18.1/BCD/BCD.vhd Line: 10
    Info (12023): Found entity 1: BCD File: C:/intelFPGA_lite/18.1/BCD/BCD.vhd Line: 4
Info (12021): Found 2 design units, including 1 entities, in source file bcdadder.vhd
    Info (12022): Found design unit 1: BCDadder-structure File: C:/intelFPGA_lite/18.1/Lab 1/BCDadder.vhd Line: 14
    Info (12023): Found entity 1: BCDadder File: C:/intelFPGA_lite/18.1/Lab 1/BCDadder.vhd Line: 4
Info (12021): Found 2 design units, including 1 entities, in source file bcdadder_board.vhd
    Info (12022): Found design unit 1: BCDadder_board-structure File: C:/intelFPGA_lite/18.1/Lab 1/BCDadder_board.vhd Line: 11
    Info (12023): Found entity 1: BCDadder_board File: C:/intelFPGA_lite/18.1/Lab 1/BCDadder_board.vhd Line: 4
Info (12127): Elaborating entity "BCDadder_board" for the top level hierarchy
Warning (10873): Using initial value X (don't care) for net "LEDR[9..6]" at BCDadder_board.vhd(6) File: C:/intelFPGA_lite/18.1/Lab 1/BCDadder_board.vhd Line: 6
Info (12128): Elaborating entity "BCDadder" for hierarchy "BCDadder:dut" File: C:/intelFPGA_lite/18.1/Lab 1/BCDadder_board.vhd Line: 25
Info (12128): Elaborating entity "RCA4" for hierarchy "BCDadder:dut|RCA4:RCApart" File: C:/intelFPGA_lite/18.1/Lab 1/BCDadder.vhd Line: 44
Info (12128): Elaborating entity "FullAdder" for hierarchy "BCDadder:dut|RCA4:RCApart|FullAdder:FullAdder1" File: C:/intelFPGA_lite/18.1/4 Bit Ripple Carry Adder/RCA4.vhd Line: 26
Info (12128): Elaborating entity "BCD" for hierarchy "BCDadder:dut|BCD:BCDpart" File: C:/intelFPGA_lite/18.1/Lab 1/BCDadder.vhd Line: 45
Info (12128): Elaborating entity "Decoder7Seg" for hierarchy "BCDadder:dut|Decoder7Seg:Decoderpart1" File: C:/intelFPGA_lite/18.1/Lab 1/BCDadder.vhd Line: 46
Warning (13024): Output pins are stuck at VCC or GND
    Warning (13410): Pin "LEDR[6]" is stuck at GND File: C:/intelFPGA_lite/18.1/Lab 1/BCDadder_board.vhd Line: 6
    Warning (13410): Pin "LEDR[7]" is stuck at GND File: C:/intelFPGA_lite/18.1/Lab 1/BCDadder_board.vhd Line: 6
    Warning (13410): Pin "LEDR[8]" is stuck at GND File: C:/intelFPGA_lite/18.1/Lab 1/BCDadder_board.vhd Line: 6
    Warning (13410): Pin "LEDR[9]" is stuck at GND File: C:/intelFPGA_lite/18.1/Lab 1/BCDadder_board.vhd Line: 6
    Warning (13410): Pin "HEX1[6]" is stuck at VCC File: C:/intelFPGA_lite/18.1/Lab 1/BCDadder_board.vhd Line: 7
    Warning (13410): Pin "HEX3[6]" is stuck at VCC File: C:/intelFPGA_lite/18.1/Lab 1/BCDadder_board.vhd Line: 7
    Warning (13410): Pin "HEX5[6]" is stuck at VCC File: C:/intelFPGA_lite/18.1/Lab 1/BCDadder_board.vhd Line: 7
Info (286030): Timing-Driven Synthesis is running
Info (16010): Generating hard_block partition "hard_block:auto_generated_inst"
    Info (16011): Adding 0 node(s), including 0 DDIO, 0 PLL, 0 transceiver and 0 LCELL
Warning (21074): Design contains 1 input pin(s) that do not drive logic
    Warning (15610): No output dependent on input pin "SW[9]" File: C:/intelFPGA_lite/18.1/Lab 1/BCDadder_board.vhd Line: 5
Info (21057): Implemented 98 device resources after synthesis - the final resource count might be different
    Info (21058): Implemented 10 input pins
    Info (21059): Implemented 52 output pins
    Info (21061): Implemented 36 logic cells
Info: Quartus Prime Analysis & Synthesis was successful. 0 errors, 12 warnings
    Info: Peak virtual memory: 4902 megabytes
    Info: Processing ended: Thu Feb 07 17:08:12 2019
    Info: Elapsed time: 00:00:21
    Info: Total CPU time (on all processors): 00:00:37


