Analysis & Synthesis report for Processor
Fri Mar 29 15:36:40 2019
Quartus Prime Version 18.1.0 Build 625 09/12/2018 SJ Lite Edition


---------------------
; Table of Contents ;
---------------------
  1. Legal Notice
  2. Analysis & Synthesis Summary
  3. Analysis & Synthesis Settings
  4. Parallel Compilation
  5. Analysis & Synthesis Source Files Read
  6. Analysis & Synthesis Resource Usage Summary
  7. Analysis & Synthesis Resource Utilization by Entity
  8. State Machine - |processor_board|processor:board|controlFSM:ControlUnit|y
  9. User-Specified and Inferred Latches
 10. General Register Statistics
 11. Multiplexer Restructuring Statistics (Restructuring Performed)
 12. Parameter Settings for User Entity Instance: processor:board
 13. Parameter Settings for User Entity Instance: processor:board|regN:Register0
 14. Parameter Settings for User Entity Instance: processor:board|regN:Register1
 15. Parameter Settings for User Entity Instance: processor:board|regN:Register2
 16. Parameter Settings for User Entity Instance: processor:board|regN:Register3
 17. Parameter Settings for User Entity Instance: processor:board|regN:Register4
 18. Parameter Settings for User Entity Instance: processor:board|regN:Register5
 19. Parameter Settings for User Entity Instance: processor:board|regN:Register6
 20. Parameter Settings for User Entity Instance: processor:board|regN:Register7
 21. Parameter Settings for User Entity Instance: processor:board|regN:RegisterA
 22. Parameter Settings for User Entity Instance: processor:board|regN:RegisterG
 23. Parameter Settings for User Entity Instance: processor:board|regN:RegisterIR
 24. Parameter Settings for User Entity Instance: processor:board|multiplexer:Multiplexers
 25. Parameter Settings for User Entity Instance: processor:board|AddSub:AddsubMachine
 26. Parameter Settings for User Entity Instance: processor:board|AddSub:AddsubMachine|RCAN:addsub
 27. Port Connectivity Checks: "processor:board|AddSub:AddsubMachine"
 28. Post-Synthesis Netlist Statistics for Top Partition
 29. Elapsed Time Per Partition
 30. Analysis & Synthesis Messages



----------------
; Legal Notice ;
----------------
Copyright (C) 2018  Intel Corporation. All rights reserved.
Your use of Intel Corporation's design tools, logic functions 
and other software and tools, and its AMPP partner logic 
functions, and any output files from any of the foregoing 
(including device programming or simulation files), and any 
associated documentation or information are expressly subject 
to the terms and conditions of the Intel Program License 
Subscription Agreement, the Intel Quartus Prime License Agreement,
the Intel FPGA IP License Agreement, or other applicable license
agreement, including, without limitation, that your use is for
the sole purpose of programming logic devices manufactured by
Intel and sold by Intel or its authorized distributors.  Please
refer to the applicable agreement for further details.



+-------------------------------------------------------------------------------+
; Analysis & Synthesis Summary                                                  ;
+---------------------------------+---------------------------------------------+
; Analysis & Synthesis Status     ; Successful - Fri Mar 29 15:36:40 2019       ;
; Quartus Prime Version           ; 18.1.0 Build 625 09/12/2018 SJ Lite Edition ;
; Revision Name                   ; Processor                                   ;
; Top-level Entity Name           ; processor_board                             ;
; Family                          ; Cyclone V                                   ;
; Logic utilization (in ALMs)     ; N/A                                         ;
; Total registers                 ; 92                                          ;
; Total pins                      ; 24                                          ;
; Total virtual pins              ; 0                                           ;
; Total block memory bits         ; 0                                           ;
; Total DSP Blocks                ; 0                                           ;
; Total HSSI RX PCSs              ; 0                                           ;
; Total HSSI PMA RX Deserializers ; 0                                           ;
; Total HSSI TX PCSs              ; 0                                           ;
; Total HSSI PMA TX Serializers   ; 0                                           ;
; Total PLLs                      ; 0                                           ;
; Total DLLs                      ; 0                                           ;
+---------------------------------+---------------------------------------------+


+---------------------------------------------------------------------------------------------------------------------------+
; Analysis & Synthesis Settings                                                                                             ;
+---------------------------------------------------------------------------------+--------------------+--------------------+
; Option                                                                          ; Setting            ; Default Value      ;
+---------------------------------------------------------------------------------+--------------------+--------------------+
; Device                                                                          ; 5CSEMA5F31C6       ;                    ;
; Top-level entity name                                                           ; processor_board    ; Processor          ;
; Family name                                                                     ; Cyclone V          ; Cyclone V          ;
; Use smart compilation                                                           ; Off                ; Off                ;
; Enable parallel Assembler and Timing Analyzer during compilation                ; On                 ; On                 ;
; Enable compact report table                                                     ; Off                ; Off                ;
; Restructure Multiplexers                                                        ; Auto               ; Auto               ;
; MLAB Add Timing Constraints For Mixed-Port Feed-Through Mode Setting Don't Care ; Off                ; Off                ;
; Create Debugging Nodes for IP Cores                                             ; Off                ; Off                ;
; Preserve fewer node names                                                       ; On                 ; On                 ;
; Intel FPGA IP Evaluation Mode                                                   ; Enable             ; Enable             ;
; Verilog Version                                                                 ; Verilog_2001       ; Verilog_2001       ;
; VHDL Version                                                                    ; VHDL_1993          ; VHDL_1993          ;
; State Machine Processing                                                        ; Auto               ; Auto               ;
; Safe State Machine                                                              ; Off                ; Off                ;
; Extract Verilog State Machines                                                  ; On                 ; On                 ;
; Extract VHDL State Machines                                                     ; On                 ; On                 ;
; Ignore Verilog initial constructs                                               ; Off                ; Off                ;
; Iteration limit for constant Verilog loops                                      ; 5000               ; 5000               ;
; Iteration limit for non-constant Verilog loops                                  ; 250                ; 250                ;
; Add Pass-Through Logic to Inferred RAMs                                         ; On                 ; On                 ;
; Infer RAMs from Raw Logic                                                       ; On                 ; On                 ;
; Parallel Synthesis                                                              ; On                 ; On                 ;
; DSP Block Balancing                                                             ; Auto               ; Auto               ;
; NOT Gate Push-Back                                                              ; On                 ; On                 ;
; Power-Up Don't Care                                                             ; On                 ; On                 ;
; Remove Redundant Logic Cells                                                    ; Off                ; Off                ;
; Remove Duplicate Registers                                                      ; On                 ; On                 ;
; Ignore CARRY Buffers                                                            ; Off                ; Off                ;
; Ignore CASCADE Buffers                                                          ; Off                ; Off                ;
; Ignore GLOBAL Buffers                                                           ; Off                ; Off                ;
; Ignore ROW GLOBAL Buffers                                                       ; Off                ; Off                ;
; Ignore LCELL Buffers                                                            ; Off                ; Off                ;
; Ignore SOFT Buffers                                                             ; On                 ; On                 ;
; Limit AHDL Integers to 32 Bits                                                  ; Off                ; Off                ;
; Optimization Technique                                                          ; Balanced           ; Balanced           ;
; Carry Chain Length                                                              ; 70                 ; 70                 ;
; Auto Carry Chains                                                               ; On                 ; On                 ;
; Auto Open-Drain Pins                                                            ; On                 ; On                 ;
; Perform WYSIWYG Primitive Resynthesis                                           ; Off                ; Off                ;
; Auto ROM Replacement                                                            ; On                 ; On                 ;
; Auto RAM Replacement                                                            ; On                 ; On                 ;
; Auto DSP Block Replacement                                                      ; On                 ; On                 ;
; Auto Shift Register Replacement                                                 ; Auto               ; Auto               ;
; Allow Shift Register Merging across Hierarchies                                 ; Auto               ; Auto               ;
; Auto Clock Enable Replacement                                                   ; On                 ; On                 ;
; Strict RAM Replacement                                                          ; Off                ; Off                ;
; Allow Synchronous Control Signals                                               ; On                 ; On                 ;
; Force Use of Synchronous Clear Signals                                          ; Off                ; Off                ;
; Auto Resource Sharing                                                           ; Off                ; Off                ;
; Allow Any RAM Size For Recognition                                              ; Off                ; Off                ;
; Allow Any ROM Size For Recognition                                              ; Off                ; Off                ;
; Allow Any Shift Register Size For Recognition                                   ; Off                ; Off                ;
; Use LogicLock Constraints during Resource Balancing                             ; On                 ; On                 ;
; Ignore translate_off and synthesis_off directives                               ; Off                ; Off                ;
; Timing-Driven Synthesis                                                         ; On                 ; On                 ;
; Report Parameter Settings                                                       ; On                 ; On                 ;
; Report Source Assignments                                                       ; On                 ; On                 ;
; Report Connectivity Checks                                                      ; On                 ; On                 ;
; Ignore Maximum Fan-Out Assignments                                              ; Off                ; Off                ;
; Synchronization Register Chain Length                                           ; 3                  ; 3                  ;
; Power Optimization During Synthesis                                             ; Normal compilation ; Normal compilation ;
; HDL message level                                                               ; Level2             ; Level2             ;
; Suppress Register Optimization Related Messages                                 ; Off                ; Off                ;
; Number of Removed Registers Reported in Synthesis Report                        ; 5000               ; 5000               ;
; Number of Swept Nodes Reported in Synthesis Report                              ; 5000               ; 5000               ;
; Number of Inverted Registers Reported in Synthesis Report                       ; 100                ; 100                ;
; Clock MUX Protection                                                            ; On                 ; On                 ;
; Auto Gated Clock Conversion                                                     ; Off                ; Off                ;
; Block Design Naming                                                             ; Auto               ; Auto               ;
; SDC constraint protection                                                       ; Off                ; Off                ;
; Synthesis Effort                                                                ; Auto               ; Auto               ;
; Shift Register Replacement - Allow Asynchronous Clear Signal                    ; On                 ; On                 ;
; Pre-Mapping Resynthesis Optimization                                            ; Off                ; Off                ;
; Analysis & Synthesis Message Level                                              ; Medium             ; Medium             ;
; Disable Register Merging Across Hierarchies                                     ; Auto               ; Auto               ;
; Resource Aware Inference For Block RAM                                          ; On                 ; On                 ;
; Automatic Parallel Synthesis                                                    ; On                 ; On                 ;
; Partial Reconfiguration Bitstream ID                                            ; Off                ; Off                ;
+---------------------------------------------------------------------------------+--------------------+--------------------+


+------------------------------------------+
; Parallel Compilation                     ;
+----------------------------+-------------+
; Processors                 ; Number      ;
+----------------------------+-------------+
; Number detected on machine ; 4           ;
; Maximum allowed            ; 2           ;
;                            ;             ;
; Average used               ; 1.00        ;
; Maximum used               ; 2           ;
;                            ;             ;
; Usage by Processor         ; % Time Used ;
;     Processor 1            ; 100.0%      ;
;     Processor 2            ;   0.0%      ;
+----------------------------+-------------+


+-----------------------------------------------------------------------------------------------------------------------------------+
; Analysis & Synthesis Source Files Read                                                                                            ;
+----------------------------------+-----------------+-----------------+--------------------------------------------------+---------+
; File Name with User-Entered Path ; Used in Netlist ; File Type       ; File Name with Absolute Path                     ; Library ;
+----------------------------------+-----------------+-----------------+--------------------------------------------------+---------+
; ../Full Adder/FullAdder.vhd      ; yes             ; User VHDL File  ; C:/intelFPGA_lite/18.1/Full Adder/FullAdder.vhd  ;         ;
; regN.vhd                         ; yes             ; User VHDL File  ; C:/intelFPGA_lite/18.1/Lab 4/regN.vhd            ;         ;
; multiplexer.vhd                  ; yes             ; User VHDL File  ; C:/intelFPGA_lite/18.1/Lab 4/multiplexer.vhd     ;         ;
; controlFSM.vhd                   ; yes             ; User VHDL File  ; C:/intelFPGA_lite/18.1/Lab 4/controlFSM.vhd      ;         ;
; RCAN.vhd                         ; yes             ; User VHDL File  ; C:/intelFPGA_lite/18.1/Lab 4/RCAN.vhd            ;         ;
; Processor.vhd                    ; yes             ; User VHDL File  ; C:/intelFPGA_lite/18.1/Lab 4/Processor.vhd       ;         ;
; AddSub.vhd                       ; yes             ; User VHDL File  ; C:/intelFPGA_lite/18.1/Lab 4/AddSub.vhd          ;         ;
; processor_board.vhd              ; yes             ; User VHDL File  ; C:/intelFPGA_lite/18.1/Lab 4/processor_board.vhd ;         ;
+----------------------------------+-----------------+-----------------+--------------------------------------------------+---------+


+------------------------------------------------------------+
; Analysis & Synthesis Resource Usage Summary                ;
+---------------------------------------------+--------------+
; Resource                                    ; Usage        ;
+---------------------------------------------+--------------+
; Estimate of Logic utilization (ALMs needed) ; 117          ;
;                                             ;              ;
; Combinational ALUT usage for logic          ; 161          ;
;     -- 7 input functions                    ; 0            ;
;     -- 6 input functions                    ; 64           ;
;     -- 5 input functions                    ; 31           ;
;     -- 4 input functions                    ; 26           ;
;     -- <=3 input functions                  ; 40           ;
;                                             ;              ;
; Dedicated logic registers                   ; 92           ;
;                                             ;              ;
; I/O pins                                    ; 24           ;
;                                             ;              ;
; Total DSP Blocks                            ; 0            ;
;                                             ;              ;
; Maximum fan-out node                        ; KEY[0]~input ;
; Maximum fan-out                             ; 92           ;
; Total fan-out                               ; 1066         ;
; Average fan-out                             ; 3.54         ;
+---------------------------------------------+--------------+


+-------------------------------------------------------------------------------------------------------------------------------------------------------------------------------------------------------------------------------------------------------------------------------------------+
; Analysis & Synthesis Resource Utilization by Entity                                                                                                                                                                                                                                       ;
+----------------------------------------------+---------------------+---------------------------+-------------------+------------+------+--------------+--------------------------------------------------------------------------------------------------+-----------------+--------------+
; Compilation Hierarchy Node                   ; Combinational ALUTs ; Dedicated Logic Registers ; Block Memory Bits ; DSP Blocks ; Pins ; Virtual Pins ; Full Hierarchy Name                                                                              ; Entity Name     ; Library Name ;
+----------------------------------------------+---------------------+---------------------------+-------------------+------------+------+--------------+--------------------------------------------------------------------------------------------------+-----------------+--------------+
; |processor_board                             ; 161 (0)             ; 92 (0)                    ; 0                 ; 0          ; 24   ; 0            ; |processor_board                                                                                 ; processor_board ; work         ;
;    |processor:board|                         ; 161 (0)             ; 92 (0)                    ; 0                 ; 0          ; 0    ; 0            ; |processor_board|processor:board                                                                 ; processor       ; work         ;
;       |AddSub:AddsubMachine|                 ; 21 (6)              ; 0 (0)                     ; 0                 ; 0          ; 0    ; 0            ; |processor_board|processor:board|AddSub:AddsubMachine                                            ; AddSub          ; work         ;
;          |RCAN:addsub|                       ; 15 (0)              ; 0 (0)                     ; 0                 ; 0          ; 0    ; 0            ; |processor_board|processor:board|AddSub:AddsubMachine|RCAN:addsub                                ; RCAN            ; work         ;
;             |FullAdder:FullAdder_first|      ; 2 (2)               ; 0 (0)                     ; 0                 ; 0          ; 0    ; 0            ; |processor_board|processor:board|AddSub:AddsubMachine|RCAN:addsub|FullAdder:FullAdder_first      ; FullAdder       ; work         ;
;             |FullAdder:FullAdder_last|       ; 3 (3)               ; 0 (0)                     ; 0                 ; 0          ; 0    ; 0            ; |processor_board|processor:board|AddSub:AddsubMachine|RCAN:addsub|FullAdder:FullAdder_last       ; FullAdder       ; work         ;
;             |FullAdder:\G1:0:FullAdder_body| ; 1 (1)               ; 0 (0)                     ; 0                 ; 0          ; 0    ; 0            ; |processor_board|processor:board|AddSub:AddsubMachine|RCAN:addsub|FullAdder:\G1:0:FullAdder_body ; FullAdder       ; work         ;
;             |FullAdder:\G1:1:FullAdder_body| ; 2 (2)               ; 0 (0)                     ; 0                 ; 0          ; 0    ; 0            ; |processor_board|processor:board|AddSub:AddsubMachine|RCAN:addsub|FullAdder:\G1:1:FullAdder_body ; FullAdder       ; work         ;
;             |FullAdder:\G1:2:FullAdder_body| ; 2 (2)               ; 0 (0)                     ; 0                 ; 0          ; 0    ; 0            ; |processor_board|processor:board|AddSub:AddsubMachine|RCAN:addsub|FullAdder:\G1:2:FullAdder_body ; FullAdder       ; work         ;
;             |FullAdder:\G1:3:FullAdder_body| ; 2 (2)               ; 0 (0)                     ; 0                 ; 0          ; 0    ; 0            ; |processor_board|processor:board|AddSub:AddsubMachine|RCAN:addsub|FullAdder:\G1:3:FullAdder_body ; FullAdder       ; work         ;
;             |FullAdder:\G1:4:FullAdder_body| ; 2 (2)               ; 0 (0)                     ; 0                 ; 0          ; 0    ; 0            ; |processor_board|processor:board|AddSub:AddsubMachine|RCAN:addsub|FullAdder:\G1:4:FullAdder_body ; FullAdder       ; work         ;
;             |FullAdder:\G1:5:FullAdder_body| ; 1 (1)               ; 0 (0)                     ; 0                 ; 0          ; 0    ; 0            ; |processor_board|processor:board|AddSub:AddsubMachine|RCAN:addsub|FullAdder:\G1:5:FullAdder_body ; FullAdder       ; work         ;
;       |controlFSM:ControlUnit|               ; 59 (59)             ; 4 (4)                     ; 0                 ; 0          ; 0    ; 0            ; |processor_board|processor:board|controlFSM:ControlUnit                                          ; controlFSM      ; work         ;
;       |multiplexer:Multiplexers|             ; 81 (81)             ; 0 (0)                     ; 0                 ; 0          ; 0    ; 0            ; |processor_board|processor:board|multiplexer:Multiplexers                                        ; multiplexer     ; work         ;
;       |regN:Register0|                       ; 0 (0)               ; 8 (8)                     ; 0                 ; 0          ; 0    ; 0            ; |processor_board|processor:board|regN:Register0                                                  ; regN            ; work         ;
;       |regN:Register1|                       ; 0 (0)               ; 8 (8)                     ; 0                 ; 0          ; 0    ; 0            ; |processor_board|processor:board|regN:Register1                                                  ; regN            ; work         ;
;       |regN:Register2|                       ; 0 (0)               ; 8 (8)                     ; 0                 ; 0          ; 0    ; 0            ; |processor_board|processor:board|regN:Register2                                                  ; regN            ; work         ;
;       |regN:Register3|                       ; 0 (0)               ; 8 (8)                     ; 0                 ; 0          ; 0    ; 0            ; |processor_board|processor:board|regN:Register3                                                  ; regN            ; work         ;
;       |regN:Register4|                       ; 0 (0)               ; 8 (8)                     ; 0                 ; 0          ; 0    ; 0            ; |processor_board|processor:board|regN:Register4                                                  ; regN            ; work         ;
;       |regN:Register5|                       ; 0 (0)               ; 8 (8)                     ; 0                 ; 0          ; 0    ; 0            ; |processor_board|processor:board|regN:Register5                                                  ; regN            ; work         ;
;       |regN:Register6|                       ; 0 (0)               ; 8 (8)                     ; 0                 ; 0          ; 0    ; 0            ; |processor_board|processor:board|regN:Register6                                                  ; regN            ; work         ;
;       |regN:Register7|                       ; 0 (0)               ; 8 (8)                     ; 0                 ; 0          ; 0    ; 0            ; |processor_board|processor:board|regN:Register7                                                  ; regN            ; work         ;
;       |regN:RegisterA|                       ; 0 (0)               ; 8 (8)                     ; 0                 ; 0          ; 0    ; 0            ; |processor_board|processor:board|regN:RegisterA                                                  ; regN            ; work         ;
;       |regN:RegisterG|                       ; 0 (0)               ; 8 (8)                     ; 0                 ; 0          ; 0    ; 0            ; |processor_board|processor:board|regN:RegisterG                                                  ; regN            ; work         ;
;       |regN:RegisterIR|                      ; 0 (0)               ; 8 (8)                     ; 0                 ; 0          ; 0    ; 0            ; |processor_board|processor:board|regN:RegisterIR                                                 ; regN            ; work         ;
+----------------------------------------------+---------------------+---------------------------+-------------------+------------+------+--------------+--------------------------------------------------------------------------------------------------+-----------------+--------------+
Note: For table entries with two numbers listed, the numbers in parentheses indicate the number of resources of the given type used by the specific entity alone. The numbers listed outside of parentheses indicate the total resources of the given type used by the specific entity and all of its sub-entities in the hierarchy.


Encoding Type:  One-Hot
+---------------------------------------------------------------------------+
; State Machine - |processor_board|processor:board|controlFSM:ControlUnit|y ;
+------+------+------+------+-----------------------------------------------+
; Name ; y.T3 ; y.T2 ; y.T1 ; y.T0                                          ;
+------+------+------+------+-----------------------------------------------+
; y.T0 ; 0    ; 0    ; 0    ; 0                                             ;
; y.T1 ; 0    ; 0    ; 1    ; 1                                             ;
; y.T2 ; 0    ; 1    ; 0    ; 1                                             ;
; y.T3 ; 1    ; 0    ; 0    ; 1                                             ;
+------+------+------+------+-----------------------------------------------+


+----------------------------------------------------------------------------------------------------------------------------------+
; User-Specified and Inferred Latches                                                                                              ;
+-----------------------------------------------------+---------------------------------------------------+------------------------+
; Latch Name                                          ; Latch Enable Signal                               ; Free of Timing Hazards ;
+-----------------------------------------------------+---------------------------------------------------+------------------------+
; processor:board|controlFSM:ControlUnit|muxout[0]    ; processor:board|controlFSM:ControlUnit|Selector21 ; yes                    ;
; processor:board|controlFSM:ControlUnit|muxout[1]    ; processor:board|controlFSM:ControlUnit|Selector21 ; yes                    ;
; processor:board|controlFSM:ControlUnit|muxout[2]    ; processor:board|controlFSM:ControlUnit|Selector21 ; yes                    ;
; processor:board|controlFSM:ControlUnit|muxout[3]    ; processor:board|controlFSM:ControlUnit|Selector21 ; yes                    ;
; processor:board|controlFSM:ControlUnit|muxout[4]    ; processor:board|controlFSM:ControlUnit|Selector21 ; yes                    ;
; processor:board|controlFSM:ControlUnit|muxout[5]    ; processor:board|controlFSM:ControlUnit|Selector21 ; yes                    ;
; processor:board|controlFSM:ControlUnit|muxout[6]    ; processor:board|controlFSM:ControlUnit|Selector21 ; yes                    ;
; processor:board|controlFSM:ControlUnit|muxout[7]    ; processor:board|controlFSM:ControlUnit|Selector21 ; yes                    ;
; processor:board|controlFSM:ControlUnit|muxout[8]    ; processor:board|controlFSM:ControlUnit|Selector21 ; yes                    ;
; processor:board|controlFSM:ControlUnit|muxout[9]    ; processor:board|controlFSM:ControlUnit|Selector21 ; yes                    ;
; processor:board|controlFSM:ControlUnit|done         ; processor:board|controlFSM:ControlUnit|Selector25 ; yes                    ;
; processor:board|controlFSM:ControlUnit|Gin          ; processor:board|controlFSM:ControlUnit|Selector25 ; yes                    ;
; processor:board|controlFSM:ControlUnit|regin[7]     ; processor:board|controlFSM:ControlUnit|Selector21 ; yes                    ;
; processor:board|controlFSM:ControlUnit|regin[6]     ; processor:board|controlFSM:ControlUnit|Selector21 ; yes                    ;
; processor:board|controlFSM:ControlUnit|regin[5]     ; processor:board|controlFSM:ControlUnit|Selector21 ; yes                    ;
; processor:board|controlFSM:ControlUnit|regin[4]     ; processor:board|controlFSM:ControlUnit|Selector21 ; yes                    ;
; processor:board|controlFSM:ControlUnit|regin[3]     ; processor:board|controlFSM:ControlUnit|Selector21 ; yes                    ;
; processor:board|controlFSM:ControlUnit|regin[2]     ; processor:board|controlFSM:ControlUnit|Selector21 ; yes                    ;
; processor:board|controlFSM:ControlUnit|regin[1]     ; processor:board|controlFSM:ControlUnit|Selector21 ; yes                    ;
; processor:board|controlFSM:ControlUnit|regin[0]     ; processor:board|controlFSM:ControlUnit|Selector21 ; yes                    ;
; processor:board|controlFSM:ControlUnit|addsub       ; processor:board|controlFSM:ControlUnit|addsub     ; yes                    ;
; processor:board|controlFSM:ControlUnit|Ain          ; processor:board|controlFSM:ControlUnit|Selector25 ; yes                    ;
; processor:board|controlFSM:ControlUnit|IRin         ; processor:board|controlFSM:ControlUnit|Selector25 ; yes                    ;
; Number of user-specified and inferred latches = 23  ;                                                   ;                        ;
+-----------------------------------------------------+---------------------------------------------------+------------------------+
Note: All latches listed above may not be present at the end of synthesis due to various synthesis optimizations.


+------------------------------------------------------+
; General Register Statistics                          ;
+----------------------------------------------+-------+
; Statistic                                    ; Value ;
+----------------------------------------------+-------+
; Total registers                              ; 92    ;
; Number of registers using Synchronous Clear  ; 0     ;
; Number of registers using Synchronous Load   ; 0     ;
; Number of registers using Asynchronous Clear ; 4     ;
; Number of registers using Asynchronous Load  ; 0     ;
; Number of registers using Clock Enable       ; 88    ;
; Number of registers using Preset             ; 0     ;
+----------------------------------------------+-------+


+-----------------------------------------------------------------------------------------------------------------------------------------------------------------------------------+
; Multiplexer Restructuring Statistics (Restructuring Performed)                                                                                                                    ;
+--------------------+-----------+---------------+----------------------+------------------------+------------+---------------------------------------------------------------------+
; Multiplexer Inputs ; Bus Width ; Baseline Area ; Area if Restructured ; Saving if Restructured ; Registered ; Example Multiplexer Output                                          ;
+--------------------+-----------+---------------+----------------------+------------------------+------------+---------------------------------------------------------------------+
; 4:1                ; 2 bits    ; 4 LEs         ; 4 LEs                ; 0 LEs                  ; No         ; |processor_board|processor:board|controlFSM:ControlUnit|Selector21  ;
; 4:1                ; 8 bits    ; 16 LEs        ; 16 LEs               ; 0 LEs                  ; No         ; |processor_board|processor:board|controlFSM:ControlUnit|Selector3   ;
; 5:1                ; 8 bits    ; 24 LEs        ; 16 LEs               ; 8 LEs                  ; No         ; |processor_board|processor:board|controlFSM:ControlUnit|Selector13  ;
; 10:1               ; 8 bits    ; 48 LEs        ; 48 LEs               ; 0 LEs                  ; No         ; |processor_board|processor:board|multiplexer:Multiplexers|Selector7 ;
+--------------------+-----------+---------------+----------------------+------------------------+------------+---------------------------------------------------------------------+


+--------------------------------------------------------------+
; Parameter Settings for User Entity Instance: processor:board ;
+----------------+-------+-------------------------------------+
; Parameter Name ; Value ; Type                                ;
+----------------+-------+-------------------------------------+
; n              ; 8     ; Signed Integer                      ;
+----------------+-------+-------------------------------------+
Note: In order to hide this table in the UI and the text report file, please set the "Show Parameter Settings in Synthesis Report" option in "Analysis and Synthesis Settings -> More Settings" to "Off".


+-----------------------------------------------------------------------------+
; Parameter Settings for User Entity Instance: processor:board|regN:Register0 ;
+----------------+-------+----------------------------------------------------+
; Parameter Name ; Value ; Type                                               ;
+----------------+-------+----------------------------------------------------+
; n              ; 8     ; Signed Integer                                     ;
+----------------+-------+----------------------------------------------------+
Note: In order to hide this table in the UI and the text report file, please set the "Show Parameter Settings in Synthesis Report" option in "Analysis and Synthesis Settings -> More Settings" to "Off".


+-----------------------------------------------------------------------------+
; Parameter Settings for User Entity Instance: processor:board|regN:Register1 ;
+----------------+-------+----------------------------------------------------+
; Parameter Name ; Value ; Type                                               ;
+----------------+-------+----------------------------------------------------+
; n              ; 8     ; Signed Integer                                     ;
+----------------+-------+----------------------------------------------------+
Note: In order to hide this table in the UI and the text report file, please set the "Show Parameter Settings in Synthesis Report" option in "Analysis and Synthesis Settings -> More Settings" to "Off".


+-----------------------------------------------------------------------------+
; Parameter Settings for User Entity Instance: processor:board|regN:Register2 ;
+----------------+-------+----------------------------------------------------+
; Parameter Name ; Value ; Type                                               ;
+----------------+-------+----------------------------------------------------+
; n              ; 8     ; Signed Integer                                     ;
+----------------+-------+----------------------------------------------------+
Note: In order to hide this table in the UI and the text report file, please set the "Show Parameter Settings in Synthesis Report" option in "Analysis and Synthesis Settings -> More Settings" to "Off".


+-----------------------------------------------------------------------------+
; Parameter Settings for User Entity Instance: processor:board|regN:Register3 ;
+----------------+-------+----------------------------------------------------+
; Parameter Name ; Value ; Type                                               ;
+----------------+-------+----------------------------------------------------+
; n              ; 8     ; Signed Integer                                     ;
+----------------+-------+----------------------------------------------------+
Note: In order to hide this table in the UI and the text report file, please set the "Show Parameter Settings in Synthesis Report" option in "Analysis and Synthesis Settings -> More Settings" to "Off".


+-----------------------------------------------------------------------------+
; Parameter Settings for User Entity Instance: processor:board|regN:Register4 ;
+----------------+-------+----------------------------------------------------+
; Parameter Name ; Value ; Type                                               ;
+----------------+-------+----------------------------------------------------+
; n              ; 8     ; Signed Integer                                     ;
+----------------+-------+----------------------------------------------------+
Note: In order to hide this table in the UI and the text report file, please set the "Show Parameter Settings in Synthesis Report" option in "Analysis and Synthesis Settings -> More Settings" to "Off".


+-----------------------------------------------------------------------------+
; Parameter Settings for User Entity Instance: processor:board|regN:Register5 ;
+----------------+-------+----------------------------------------------------+
; Parameter Name ; Value ; Type                                               ;
+----------------+-------+----------------------------------------------------+
; n              ; 8     ; Signed Integer                                     ;
+----------------+-------+----------------------------------------------------+
Note: In order to hide this table in the UI and the text report file, please set the "Show Parameter Settings in Synthesis Report" option in "Analysis and Synthesis Settings -> More Settings" to "Off".


+-----------------------------------------------------------------------------+
; Parameter Settings for User Entity Instance: processor:board|regN:Register6 ;
+----------------+-------+----------------------------------------------------+
; Parameter Name ; Value ; Type                                               ;
+----------------+-------+----------------------------------------------------+
; n              ; 8     ; Signed Integer                                     ;
+----------------+-------+----------------------------------------------------+
Note: In order to hide this table in the UI and the text report file, please set the "Show Parameter Settings in Synthesis Report" option in "Analysis and Synthesis Settings -> More Settings" to "Off".


+-----------------------------------------------------------------------------+
; Parameter Settings for User Entity Instance: processor:board|regN:Register7 ;
+----------------+-------+----------------------------------------------------+
; Parameter Name ; Value ; Type                                               ;
+----------------+-------+----------------------------------------------------+
; n              ; 8     ; Signed Integer                                     ;
+----------------+-------+----------------------------------------------------+
Note: In order to hide this table in the UI and the text report file, please set the "Show Parameter Settings in Synthesis Report" option in "Analysis and Synthesis Settings -> More Settings" to "Off".


+-----------------------------------------------------------------------------+
; Parameter Settings for User Entity Instance: processor:board|regN:RegisterA ;
+----------------+-------+----------------------------------------------------+
; Parameter Name ; Value ; Type                                               ;
+----------------+-------+----------------------------------------------------+
; n              ; 8     ; Signed Integer                                     ;
+----------------+-------+----------------------------------------------------+
Note: In order to hide this table in the UI and the text report file, please set the "Show Parameter Settings in Synthesis Report" option in "Analysis and Synthesis Settings -> More Settings" to "Off".


+-----------------------------------------------------------------------------+
; Parameter Settings for User Entity Instance: processor:board|regN:RegisterG ;
+----------------+-------+----------------------------------------------------+
; Parameter Name ; Value ; Type                                               ;
+----------------+-------+----------------------------------------------------+
; n              ; 8     ; Signed Integer                                     ;
+----------------+-------+----------------------------------------------------+
Note: In order to hide this table in the UI and the text report file, please set the "Show Parameter Settings in Synthesis Report" option in "Analysis and Synthesis Settings -> More Settings" to "Off".


+------------------------------------------------------------------------------+
; Parameter Settings for User Entity Instance: processor:board|regN:RegisterIR ;
+----------------+-------+-----------------------------------------------------+
; Parameter Name ; Value ; Type                                                ;
+----------------+-------+-----------------------------------------------------+
; n              ; 8     ; Signed Integer                                      ;
+----------------+-------+-----------------------------------------------------+
Note: In order to hide this table in the UI and the text report file, please set the "Show Parameter Settings in Synthesis Report" option in "Analysis and Synthesis Settings -> More Settings" to "Off".


+---------------------------------------------------------------------------------------+
; Parameter Settings for User Entity Instance: processor:board|multiplexer:Multiplexers ;
+----------------+-------+--------------------------------------------------------------+
; Parameter Name ; Value ; Type                                                         ;
+----------------+-------+--------------------------------------------------------------+
; n              ; 8     ; Signed Integer                                               ;
+----------------+-------+--------------------------------------------------------------+
Note: In order to hide this table in the UI and the text report file, please set the "Show Parameter Settings in Synthesis Report" option in "Analysis and Synthesis Settings -> More Settings" to "Off".


+-----------------------------------------------------------------------------------+
; Parameter Settings for User Entity Instance: processor:board|AddSub:AddsubMachine ;
+----------------+-------+----------------------------------------------------------+
; Parameter Name ; Value ; Type                                                     ;
+----------------+-------+----------------------------------------------------------+
; n              ; 8     ; Signed Integer                                           ;
+----------------+-------+----------------------------------------------------------+
Note: In order to hide this table in the UI and the text report file, please set the "Show Parameter Settings in Synthesis Report" option in "Analysis and Synthesis Settings -> More Settings" to "Off".


+-----------------------------------------------------------------------------------------------+
; Parameter Settings for User Entity Instance: processor:board|AddSub:AddsubMachine|RCAN:addsub ;
+----------------+-------+----------------------------------------------------------------------+
; Parameter Name ; Value ; Type                                                                 ;
+----------------+-------+----------------------------------------------------------------------+
; n              ; 8     ; Signed Integer                                                       ;
+----------------+-------+----------------------------------------------------------------------+
Note: In order to hide this table in the UI and the text report file, please set the "Show Parameter Settings in Synthesis Report" option in "Analysis and Synthesis Settings -> More Settings" to "Off".


+----------------------------------------------------------------------------------------------------------------+
; Port Connectivity Checks: "processor:board|AddSub:AddsubMachine"                                               ;
+------+--------+----------+-------------------------------------------------------------------------------------+
; Port ; Type   ; Severity ; Details                                                                             ;
+------+--------+----------+-------------------------------------------------------------------------------------+
; cout ; Output ; Info     ; Connected to dangling logic. Logic that only feeds a dangling port will be removed. ;
+------+--------+----------+-------------------------------------------------------------------------------------+


+-----------------------------------------------------+
; Post-Synthesis Netlist Statistics for Top Partition ;
+-----------------------+-----------------------------+
; Type                  ; Count                       ;
+-----------------------+-----------------------------+
; arriav_ff             ; 92                          ;
;     CLR               ; 4                           ;
;     ENA               ; 88                          ;
; arriav_lcell_comb     ; 162                         ;
;     normal            ; 162                         ;
;         0 data inputs ; 1                           ;
;         2 data inputs ; 6                           ;
;         3 data inputs ; 34                          ;
;         4 data inputs ; 26                          ;
;         5 data inputs ; 31                          ;
;         6 data inputs ; 64                          ;
; boundary_port         ; 24                          ;
;                       ;                             ;
; Max LUT depth         ; 7.00                        ;
; Average LUT depth     ; 4.36                        ;
+-----------------------+-----------------------------+


+-------------------------------+
; Elapsed Time Per Partition    ;
+----------------+--------------+
; Partition Name ; Elapsed Time ;
+----------------+--------------+
; Top            ; 00:00:01     ;
+----------------+--------------+


+-------------------------------+
; Analysis & Synthesis Messages ;
+-------------------------------+
Info: *******************************************************************
Info: Running Quartus Prime Analysis & Synthesis
    Info: Version 18.1.0 Build 625 09/12/2018 SJ Lite Edition
    Info: Processing started: Fri Mar 29 15:35:54 2019
Info: Command: quartus_map --read_settings_files=on --write_settings_files=off Processor -c Processor
Warning (18236): Number of processors has not been specified which may cause overloading on shared machines.  Set the global assignment NUM_PARALLEL_PROCESSORS in your QSF to an appropriate value for best performance.
Info (20030): Parallel compilation is enabled and will use 2 of the 2 processors detected
Info (12021): Found 2 design units, including 1 entities, in source file /intelfpga_lite/18.1/full adder/fulladder.vhd
    Info (12022): Found design unit 1: FullAdder-dataflow File: C:/intelFPGA_lite/18.1/Full Adder/FullAdder.vhd Line: 10
    Info (12023): Found entity 1: FullAdder File: C:/intelFPGA_lite/18.1/Full Adder/FullAdder.vhd Line: 4
Info (12021): Found 2 design units, including 1 entities, in source file regn.vhd
    Info (12022): Found design unit 1: regN-behavior File: C:/intelFPGA_lite/18.1/Lab 4/regN.vhd Line: 17
    Info (12023): Found entity 1: regN File: C:/intelFPGA_lite/18.1/Lab 4/regN.vhd Line: 9
Info (12021): Found 2 design units, including 1 entities, in source file multiplexer.vhd
    Info (12022): Found design unit 1: multiplexer-behavior File: C:/intelFPGA_lite/18.1/Lab 4/multiplexer.vhd Line: 21
    Info (12023): Found entity 1: multiplexer File: C:/intelFPGA_lite/18.1/Lab 4/multiplexer.vhd Line: 4
Info (12021): Found 2 design units, including 1 entities, in source file controlfsm.vhd
    Info (12022): Found design unit 1: controlFSM-behavior File: C:/intelFPGA_lite/18.1/Lab 4/controlFSM.vhd Line: 22
    Info (12023): Found entity 1: controlFSM File: C:/intelFPGA_lite/18.1/Lab 4/controlFSM.vhd Line: 4
Info (12021): Found 2 design units, including 1 entities, in source file rcan.vhd
    Info (12022): Found design unit 1: RCAN-structure File: C:/intelFPGA_lite/18.1/Lab 4/RCAN.vhd Line: 17
    Info (12023): Found entity 1: RCAN File: C:/intelFPGA_lite/18.1/Lab 4/RCAN.vhd Line: 7
Info (12021): Found 2 design units, including 1 entities, in source file processor.vhd
    Info (12022): Found design unit 1: processor-structure File: C:/intelFPGA_lite/18.1/Lab 4/Processor.vhd Line: 14
    Info (12023): Found entity 1: processor File: C:/intelFPGA_lite/18.1/Lab 4/Processor.vhd Line: 4
Info (12021): Found 2 design units, including 1 entities, in source file addsub.vhd
    Info (12022): Found design unit 1: AddSub-mixed File: C:/intelFPGA_lite/18.1/Lab 4/AddSub.vhd Line: 15
    Info (12023): Found entity 1: AddSub File: C:/intelFPGA_lite/18.1/Lab 4/AddSub.vhd Line: 4
Info (12021): Found 2 design units, including 1 entities, in source file processor_board.vhd
    Info (12022): Found design unit 1: processor_board-structure File: C:/intelFPGA_lite/18.1/Lab 4/processor_board.vhd Line: 11
    Info (12023): Found entity 1: processor_board File: C:/intelFPGA_lite/18.1/Lab 4/processor_board.vhd Line: 4
Info (12127): Elaborating entity "processor_board" for the top level hierarchy
Warning (10873): Using initial value X (don't care) for net "LEDR[8]" at processor_board.vhd(7) File: C:/intelFPGA_lite/18.1/Lab 4/processor_board.vhd Line: 7
Info (12128): Elaborating entity "processor" for hierarchy "processor:board" File: C:/intelFPGA_lite/18.1/Lab 4/processor_board.vhd Line: 28
Warning (10036): Verilog HDL or VHDL warning at Processor.vhd(63): object "intCOUTaddsub" assigned a value but never read File: C:/intelFPGA_lite/18.1/Lab 4/Processor.vhd Line: 63
Info (12128): Elaborating entity "regN" for hierarchy "processor:board|regN:Register0" File: C:/intelFPGA_lite/18.1/Lab 4/Processor.vhd Line: 86
Info (12128): Elaborating entity "multiplexer" for hierarchy "processor:board|multiplexer:Multiplexers" File: C:/intelFPGA_lite/18.1/Lab 4/Processor.vhd Line: 120
Warning (10492): VHDL Process Statement warning at multiplexer.vhd(36): signal "reg0" is read inside the Process Statement but isn't in the Process Statement's sensitivity list File: C:/intelFPGA_lite/18.1/Lab 4/multiplexer.vhd Line: 36
Warning (10492): VHDL Process Statement warning at multiplexer.vhd(37): signal "reg1" is read inside the Process Statement but isn't in the Process Statement's sensitivity list File: C:/intelFPGA_lite/18.1/Lab 4/multiplexer.vhd Line: 37
Warning (10492): VHDL Process Statement warning at multiplexer.vhd(38): signal "reg2" is read inside the Process Statement but isn't in the Process Statement's sensitivity list File: C:/intelFPGA_lite/18.1/Lab 4/multiplexer.vhd Line: 38
Warning (10492): VHDL Process Statement warning at multiplexer.vhd(39): signal "reg3" is read inside the Process Statement but isn't in the Process Statement's sensitivity list File: C:/intelFPGA_lite/18.1/Lab 4/multiplexer.vhd Line: 39
Warning (10492): VHDL Process Statement warning at multiplexer.vhd(40): signal "reg4" is read inside the Process Statement but isn't in the Process Statement's sensitivity list File: C:/intelFPGA_lite/18.1/Lab 4/multiplexer.vhd Line: 40
Warning (10492): VHDL Process Statement warning at multiplexer.vhd(41): signal "reg5" is read inside the Process Statement but isn't in the Process Statement's sensitivity list File: C:/intelFPGA_lite/18.1/Lab 4/multiplexer.vhd Line: 41
Warning (10492): VHDL Process Statement warning at multiplexer.vhd(42): signal "reg6" is read inside the Process Statement but isn't in the Process Statement's sensitivity list File: C:/intelFPGA_lite/18.1/Lab 4/multiplexer.vhd Line: 42
Warning (10492): VHDL Process Statement warning at multiplexer.vhd(43): signal "reg7" is read inside the Process Statement but isn't in the Process Statement's sensitivity list File: C:/intelFPGA_lite/18.1/Lab 4/multiplexer.vhd Line: 43
Warning (10492): VHDL Process Statement warning at multiplexer.vhd(44): signal "din" is read inside the Process Statement but isn't in the Process Statement's sensitivity list File: C:/intelFPGA_lite/18.1/Lab 4/multiplexer.vhd Line: 44
Warning (10492): VHDL Process Statement warning at multiplexer.vhd(45): signal "g" is read inside the Process Statement but isn't in the Process Statement's sensitivity list File: C:/intelFPGA_lite/18.1/Lab 4/multiplexer.vhd Line: 45
Warning (10492): VHDL Process Statement warning at multiplexer.vhd(46): signal "din" is read inside the Process Statement but isn't in the Process Statement's sensitivity list File: C:/intelFPGA_lite/18.1/Lab 4/multiplexer.vhd Line: 46
Info (12128): Elaborating entity "AddSub" for hierarchy "processor:board|AddSub:AddsubMachine" File: C:/intelFPGA_lite/18.1/Lab 4/Processor.vhd Line: 124
Warning (10492): VHDL Process Statement warning at AddSub.vhd(43): signal "B" is read inside the Process Statement but isn't in the Process Statement's sensitivity list File: C:/intelFPGA_lite/18.1/Lab 4/AddSub.vhd Line: 43
Warning (10492): VHDL Process Statement warning at AddSub.vhd(45): signal "B" is read inside the Process Statement but isn't in the Process Statement's sensitivity list File: C:/intelFPGA_lite/18.1/Lab 4/AddSub.vhd Line: 45
Info (12128): Elaborating entity "RCAN" for hierarchy "processor:board|AddSub:AddsubMachine|RCAN:addsub" File: C:/intelFPGA_lite/18.1/Lab 4/AddSub.vhd Line: 49
Info (12128): Elaborating entity "FullAdder" for hierarchy "processor:board|AddSub:AddsubMachine|RCAN:addsub|FullAdder:FullAdder_first" File: C:/intelFPGA_lite/18.1/Lab 4/RCAN.vhd Line: 35
Info (12128): Elaborating entity "controlFSM" for hierarchy "processor:board|controlFSM:ControlUnit" File: C:/intelFPGA_lite/18.1/Lab 4/Processor.vhd Line: 128
Warning (10492): VHDL Process Statement warning at controlFSM.vhd(106): signal "IR" is read inside the Process Statement but isn't in the Process Statement's sensitivity list File: C:/intelFPGA_lite/18.1/Lab 4/controlFSM.vhd Line: 106
Warning (10492): VHDL Process Statement warning at controlFSM.vhd(107): signal "mux_y" is read inside the Process Statement but isn't in the Process Statement's sensitivity list File: C:/intelFPGA_lite/18.1/Lab 4/controlFSM.vhd Line: 107
Warning (10492): VHDL Process Statement warning at controlFSM.vhd(109): signal "mux_x" is read inside the Process Statement but isn't in the Process Statement's sensitivity list File: C:/intelFPGA_lite/18.1/Lab 4/controlFSM.vhd Line: 109
Warning (10492): VHDL Process Statement warning at controlFSM.vhd(115): signal "IR" is read inside the Process Statement but isn't in the Process Statement's sensitivity list File: C:/intelFPGA_lite/18.1/Lab 4/controlFSM.vhd Line: 115
Warning (10492): VHDL Process Statement warning at controlFSM.vhd(117): signal "mux_x" is read inside the Process Statement but isn't in the Process Statement's sensitivity list File: C:/intelFPGA_lite/18.1/Lab 4/controlFSM.vhd Line: 117
Warning (10492): VHDL Process Statement warning at controlFSM.vhd(123): signal "IR" is read inside the Process Statement but isn't in the Process Statement's sensitivity list File: C:/intelFPGA_lite/18.1/Lab 4/controlFSM.vhd Line: 123
Warning (10492): VHDL Process Statement warning at controlFSM.vhd(124): signal "mux_x" is read inside the Process Statement but isn't in the Process Statement's sensitivity list File: C:/intelFPGA_lite/18.1/Lab 4/controlFSM.vhd Line: 124
Warning (10492): VHDL Process Statement warning at controlFSM.vhd(132): signal "IR" is read inside the Process Statement but isn't in the Process Statement's sensitivity list File: C:/intelFPGA_lite/18.1/Lab 4/controlFSM.vhd Line: 132
Warning (10492): VHDL Process Statement warning at controlFSM.vhd(133): signal "mux_x" is read inside the Process Statement but isn't in the Process Statement's sensitivity list File: C:/intelFPGA_lite/18.1/Lab 4/controlFSM.vhd Line: 133
Warning (10492): VHDL Process Statement warning at controlFSM.vhd(143): signal "IR" is read inside the Process Statement but isn't in the Process Statement's sensitivity list File: C:/intelFPGA_lite/18.1/Lab 4/controlFSM.vhd Line: 143
Warning (10492): VHDL Process Statement warning at controlFSM.vhd(144): signal "mux_y" is read inside the Process Statement but isn't in the Process Statement's sensitivity list File: C:/intelFPGA_lite/18.1/Lab 4/controlFSM.vhd Line: 144
Warning (10492): VHDL Process Statement warning at controlFSM.vhd(153): signal "IR" is read inside the Process Statement but isn't in the Process Statement's sensitivity list File: C:/intelFPGA_lite/18.1/Lab 4/controlFSM.vhd Line: 153
Warning (10492): VHDL Process Statement warning at controlFSM.vhd(154): signal "mux_y" is read inside the Process Statement but isn't in the Process Statement's sensitivity list File: C:/intelFPGA_lite/18.1/Lab 4/controlFSM.vhd Line: 154
Warning (10492): VHDL Process Statement warning at controlFSM.vhd(165): signal "IR" is read inside the Process Statement but isn't in the Process Statement's sensitivity list File: C:/intelFPGA_lite/18.1/Lab 4/controlFSM.vhd Line: 165
Warning (10492): VHDL Process Statement warning at controlFSM.vhd(167): signal "mux_x" is read inside the Process Statement but isn't in the Process Statement's sensitivity list File: C:/intelFPGA_lite/18.1/Lab 4/controlFSM.vhd Line: 167
Warning (10492): VHDL Process Statement warning at controlFSM.vhd(173): signal "IR" is read inside the Process Statement but isn't in the Process Statement's sensitivity list File: C:/intelFPGA_lite/18.1/Lab 4/controlFSM.vhd Line: 173
Warning (10492): VHDL Process Statement warning at controlFSM.vhd(175): signal "mux_x" is read inside the Process Statement but isn't in the Process Statement's sensitivity list File: C:/intelFPGA_lite/18.1/Lab 4/controlFSM.vhd Line: 175
Warning (10631): VHDL Process Statement warning at controlFSM.vhd(96): inferring latch(es) for signal or variable "IRin", which holds its previous value in one or more paths through the process File: C:/intelFPGA_lite/18.1/Lab 4/controlFSM.vhd Line: 96
Warning (10631): VHDL Process Statement warning at controlFSM.vhd(96): inferring latch(es) for signal or variable "done", which holds its previous value in one or more paths through the process File: C:/intelFPGA_lite/18.1/Lab 4/controlFSM.vhd Line: 96
Warning (10631): VHDL Process Statement warning at controlFSM.vhd(96): inferring latch(es) for signal or variable "Gin", which holds its previous value in one or more paths through the process File: C:/intelFPGA_lite/18.1/Lab 4/controlFSM.vhd Line: 96
Warning (10631): VHDL Process Statement warning at controlFSM.vhd(96): inferring latch(es) for signal or variable "Ain", which holds its previous value in one or more paths through the process File: C:/intelFPGA_lite/18.1/Lab 4/controlFSM.vhd Line: 96
Warning (10631): VHDL Process Statement warning at controlFSM.vhd(96): inferring latch(es) for signal or variable "muxout", which holds its previous value in one or more paths through the process File: C:/intelFPGA_lite/18.1/Lab 4/controlFSM.vhd Line: 96
Warning (10631): VHDL Process Statement warning at controlFSM.vhd(96): inferring latch(es) for signal or variable "regin", which holds its previous value in one or more paths through the process File: C:/intelFPGA_lite/18.1/Lab 4/controlFSM.vhd Line: 96
Warning (10631): VHDL Process Statement warning at controlFSM.vhd(96): inferring latch(es) for signal or variable "addsub", which holds its previous value in one or more paths through the process File: C:/intelFPGA_lite/18.1/Lab 4/controlFSM.vhd Line: 96
Info (10041): Inferred latch for "addsub" at controlFSM.vhd(96) File: C:/intelFPGA_lite/18.1/Lab 4/controlFSM.vhd Line: 96
Info (10041): Inferred latch for "regin[0]" at controlFSM.vhd(96) File: C:/intelFPGA_lite/18.1/Lab 4/controlFSM.vhd Line: 96
Info (10041): Inferred latch for "regin[1]" at controlFSM.vhd(96) File: C:/intelFPGA_lite/18.1/Lab 4/controlFSM.vhd Line: 96
Info (10041): Inferred latch for "regin[2]" at controlFSM.vhd(96) File: C:/intelFPGA_lite/18.1/Lab 4/controlFSM.vhd Line: 96
Info (10041): Inferred latch for "regin[3]" at controlFSM.vhd(96) File: C:/intelFPGA_lite/18.1/Lab 4/controlFSM.vhd Line: 96
Info (10041): Inferred latch for "regin[4]" at controlFSM.vhd(96) File: C:/intelFPGA_lite/18.1/Lab 4/controlFSM.vhd Line: 96
Info (10041): Inferred latch for "regin[5]" at controlFSM.vhd(96) File: C:/intelFPGA_lite/18.1/Lab 4/controlFSM.vhd Line: 96
Info (10041): Inferred latch for "regin[6]" at controlFSM.vhd(96) File: C:/intelFPGA_lite/18.1/Lab 4/controlFSM.vhd Line: 96
Info (10041): Inferred latch for "regin[7]" at controlFSM.vhd(96) File: C:/intelFPGA_lite/18.1/Lab 4/controlFSM.vhd Line: 96
Info (10041): Inferred latch for "muxout[0]" at controlFSM.vhd(96) File: C:/intelFPGA_lite/18.1/Lab 4/controlFSM.vhd Line: 96
Info (10041): Inferred latch for "muxout[1]" at controlFSM.vhd(96) File: C:/intelFPGA_lite/18.1/Lab 4/controlFSM.vhd Line: 96
Info (10041): Inferred latch for "muxout[2]" at controlFSM.vhd(96) File: C:/intelFPGA_lite/18.1/Lab 4/controlFSM.vhd Line: 96
Info (10041): Inferred latch for "muxout[3]" at controlFSM.vhd(96) File: C:/intelFPGA_lite/18.1/Lab 4/controlFSM.vhd Line: 96
Info (10041): Inferred latch for "muxout[4]" at controlFSM.vhd(96) File: C:/intelFPGA_lite/18.1/Lab 4/controlFSM.vhd Line: 96
Info (10041): Inferred latch for "muxout[5]" at controlFSM.vhd(96) File: C:/intelFPGA_lite/18.1/Lab 4/controlFSM.vhd Line: 96
Info (10041): Inferred latch for "muxout[6]" at controlFSM.vhd(96) File: C:/intelFPGA_lite/18.1/Lab 4/controlFSM.vhd Line: 96
Info (10041): Inferred latch for "muxout[7]" at controlFSM.vhd(96) File: C:/intelFPGA_lite/18.1/Lab 4/controlFSM.vhd Line: 96
Info (10041): Inferred latch for "muxout[8]" at controlFSM.vhd(96) File: C:/intelFPGA_lite/18.1/Lab 4/controlFSM.vhd Line: 96
Info (10041): Inferred latch for "muxout[9]" at controlFSM.vhd(96) File: C:/intelFPGA_lite/18.1/Lab 4/controlFSM.vhd Line: 96
Info (10041): Inferred latch for "Ain" at controlFSM.vhd(96) File: C:/intelFPGA_lite/18.1/Lab 4/controlFSM.vhd Line: 96
Info (10041): Inferred latch for "Gin" at controlFSM.vhd(96) File: C:/intelFPGA_lite/18.1/Lab 4/controlFSM.vhd Line: 96
Info (10041): Inferred latch for "done" at controlFSM.vhd(96) File: C:/intelFPGA_lite/18.1/Lab 4/controlFSM.vhd Line: 96
Info (10041): Inferred latch for "IRin" at controlFSM.vhd(96) File: C:/intelFPGA_lite/18.1/Lab 4/controlFSM.vhd Line: 96
Warning (13012): Latch processor:board|controlFSM:ControlUnit|muxout[0] has unsafe behavior File: C:/intelFPGA_lite/18.1/Lab 4/controlFSM.vhd Line: 96
    Warning (13013): Ports D and ENA on the latch are fed by the same signal processor:board|controlFSM:ControlUnit|y.T1 File: C:/intelFPGA_lite/18.1/Lab 4/controlFSM.vhd Line: 25
Warning (13012): Latch processor:board|controlFSM:ControlUnit|muxout[1] has unsafe behavior File: C:/intelFPGA_lite/18.1/Lab 4/controlFSM.vhd Line: 96
    Warning (13013): Ports D and ENA on the latch are fed by the same signal processor:board|controlFSM:ControlUnit|y.T1 File: C:/intelFPGA_lite/18.1/Lab 4/controlFSM.vhd Line: 25
Warning (13012): Latch processor:board|controlFSM:ControlUnit|muxout[2] has unsafe behavior File: C:/intelFPGA_lite/18.1/Lab 4/controlFSM.vhd Line: 96
    Warning (13013): Ports D and ENA on the latch are fed by the same signal processor:board|controlFSM:ControlUnit|y.T1 File: C:/intelFPGA_lite/18.1/Lab 4/controlFSM.vhd Line: 25
Warning (13012): Latch processor:board|controlFSM:ControlUnit|muxout[3] has unsafe behavior File: C:/intelFPGA_lite/18.1/Lab 4/controlFSM.vhd Line: 96
    Warning (13013): Ports D and ENA on the latch are fed by the same signal processor:board|controlFSM:ControlUnit|y.T1 File: C:/intelFPGA_lite/18.1/Lab 4/controlFSM.vhd Line: 25
Warning (13012): Latch processor:board|controlFSM:ControlUnit|muxout[4] has unsafe behavior File: C:/intelFPGA_lite/18.1/Lab 4/controlFSM.vhd Line: 96
    Warning (13013): Ports D and ENA on the latch are fed by the same signal processor:board|controlFSM:ControlUnit|y.T1 File: C:/intelFPGA_lite/18.1/Lab 4/controlFSM.vhd Line: 25
Warning (13012): Latch processor:board|controlFSM:ControlUnit|muxout[5] has unsafe behavior File: C:/intelFPGA_lite/18.1/Lab 4/controlFSM.vhd Line: 96
    Warning (13013): Ports D and ENA on the latch are fed by the same signal processor:board|controlFSM:ControlUnit|y.T1 File: C:/intelFPGA_lite/18.1/Lab 4/controlFSM.vhd Line: 25
Warning (13012): Latch processor:board|controlFSM:ControlUnit|muxout[6] has unsafe behavior File: C:/intelFPGA_lite/18.1/Lab 4/controlFSM.vhd Line: 96
    Warning (13013): Ports D and ENA on the latch are fed by the same signal processor:board|controlFSM:ControlUnit|y.T1 File: C:/intelFPGA_lite/18.1/Lab 4/controlFSM.vhd Line: 25
Warning (13012): Latch processor:board|controlFSM:ControlUnit|muxout[7] has unsafe behavior File: C:/intelFPGA_lite/18.1/Lab 4/controlFSM.vhd Line: 96
    Warning (13013): Ports D and ENA on the latch are fed by the same signal processor:board|controlFSM:ControlUnit|y.T1 File: C:/intelFPGA_lite/18.1/Lab 4/controlFSM.vhd Line: 25
Warning (13012): Latch processor:board|controlFSM:ControlUnit|muxout[8] has unsafe behavior File: C:/intelFPGA_lite/18.1/Lab 4/controlFSM.vhd Line: 96
    Warning (13013): Ports D and ENA on the latch are fed by the same signal processor:board|regN:RegisterIR|q[7] File: C:/intelFPGA_lite/18.1/Lab 4/regN.vhd Line: 26
Warning (13012): Latch processor:board|controlFSM:ControlUnit|done has unsafe behavior File: C:/intelFPGA_lite/18.1/Lab 4/controlFSM.vhd Line: 8
    Warning (13013): Ports D and ENA on the latch are fed by the same signal processor:board|regN:RegisterIR|q[7] File: C:/intelFPGA_lite/18.1/Lab 4/regN.vhd Line: 26
Warning (13012): Latch processor:board|controlFSM:ControlUnit|regin[7] has unsafe behavior File: C:/intelFPGA_lite/18.1/Lab 4/controlFSM.vhd Line: 96
    Warning (13013): Ports D and ENA on the latch are fed by the same signal processor:board|regN:RegisterIR|q[7] File: C:/intelFPGA_lite/18.1/Lab 4/regN.vhd Line: 26
Warning (13012): Latch processor:board|controlFSM:ControlUnit|regin[6] has unsafe behavior File: C:/intelFPGA_lite/18.1/Lab 4/controlFSM.vhd Line: 96
    Warning (13013): Ports D and ENA on the latch are fed by the same signal processor:board|regN:RegisterIR|q[7] File: C:/intelFPGA_lite/18.1/Lab 4/regN.vhd Line: 26
Warning (13012): Latch processor:board|controlFSM:ControlUnit|regin[5] has unsafe behavior File: C:/intelFPGA_lite/18.1/Lab 4/controlFSM.vhd Line: 96
    Warning (13013): Ports D and ENA on the latch are fed by the same signal processor:board|regN:RegisterIR|q[7] File: C:/intelFPGA_lite/18.1/Lab 4/regN.vhd Line: 26
Warning (13012): Latch processor:board|controlFSM:ControlUnit|regin[4] has unsafe behavior File: C:/intelFPGA_lite/18.1/Lab 4/controlFSM.vhd Line: 96
    Warning (13013): Ports D and ENA on the latch are fed by the same signal processor:board|regN:RegisterIR|q[7] File: C:/intelFPGA_lite/18.1/Lab 4/regN.vhd Line: 26
Warning (13012): Latch processor:board|controlFSM:ControlUnit|regin[3] has unsafe behavior File: C:/intelFPGA_lite/18.1/Lab 4/controlFSM.vhd Line: 96
    Warning (13013): Ports D and ENA on the latch are fed by the same signal processor:board|regN:RegisterIR|q[7] File: C:/intelFPGA_lite/18.1/Lab 4/regN.vhd Line: 26
Warning (13012): Latch processor:board|controlFSM:ControlUnit|regin[2] has unsafe behavior File: C:/intelFPGA_lite/18.1/Lab 4/controlFSM.vhd Line: 96
    Warning (13013): Ports D and ENA on the latch are fed by the same signal processor:board|regN:RegisterIR|q[7] File: C:/intelFPGA_lite/18.1/Lab 4/regN.vhd Line: 26
Warning (13012): Latch processor:board|controlFSM:ControlUnit|regin[1] has unsafe behavior File: C:/intelFPGA_lite/18.1/Lab 4/controlFSM.vhd Line: 96
    Warning (13013): Ports D and ENA on the latch are fed by the same signal processor:board|regN:RegisterIR|q[7] File: C:/intelFPGA_lite/18.1/Lab 4/regN.vhd Line: 26
Warning (13012): Latch processor:board|controlFSM:ControlUnit|regin[0] has unsafe behavior File: C:/intelFPGA_lite/18.1/Lab 4/controlFSM.vhd Line: 96
    Warning (13013): Ports D and ENA on the latch are fed by the same signal processor:board|regN:RegisterIR|q[7] File: C:/intelFPGA_lite/18.1/Lab 4/regN.vhd Line: 26
Warning (13012): Latch processor:board|controlFSM:ControlUnit|Ain has unsafe behavior File: C:/intelFPGA_lite/18.1/Lab 4/controlFSM.vhd Line: 15
    Warning (13013): Ports D and ENA on the latch are fed by the same signal processor:board|regN:RegisterIR|q[7] File: C:/intelFPGA_lite/18.1/Lab 4/regN.vhd Line: 26
Warning (13012): Latch processor:board|controlFSM:ControlUnit|IRin has unsafe behavior File: C:/intelFPGA_lite/18.1/Lab 4/controlFSM.vhd Line: 7
    Warning (13013): Ports D and ENA on the latch are fed by the same signal processor:board|controlFSM:ControlUnit|y.T0 File: C:/intelFPGA_lite/18.1/Lab 4/controlFSM.vhd Line: 25
Warning (13024): Output pins are stuck at VCC or GND
    Warning (13410): Pin "LEDR[8]" is stuck at GND File: C:/intelFPGA_lite/18.1/Lab 4/processor_board.vhd Line: 7
Info (286030): Timing-Driven Synthesis is running
Info (16010): Generating hard_block partition "hard_block:auto_generated_inst"
    Info (16011): Adding 0 node(s), including 0 DDIO, 0 PLL, 0 transceiver and 0 LCELL
Warning (21074): Design contains 3 input pin(s) that do not drive logic
    Warning (15610): No output dependent on input pin "SW[8]" File: C:/intelFPGA_lite/18.1/Lab 4/processor_board.vhd Line: 5
    Warning (15610): No output dependent on input pin "KEY[1]" File: C:/intelFPGA_lite/18.1/Lab 4/processor_board.vhd Line: 6
    Warning (15610): No output dependent on input pin "KEY[2]" File: C:/intelFPGA_lite/18.1/Lab 4/processor_board.vhd Line: 6
Info (21057): Implemented 267 device resources after synthesis - the final resource count might be different
    Info (21058): Implemented 14 input pins
    Info (21059): Implemented 10 output pins
    Info (21061): Implemented 243 logic cells
Info: Quartus Prime Analysis & Synthesis was successful. 0 errors, 86 warnings
    Info: Peak virtual memory: 4915 megabytes
    Info: Processing ended: Fri Mar 29 15:36:40 2019
    Info: Elapsed time: 00:00:46
    Info: Total CPU time (on all processors): 00:00:50


