Flow report for Processor
Fri Mar 29 15:40:28 2019
Quartus Prime Version 18.1.0 Build 625 09/12/2018 SJ Lite Edition


---------------------
; Table of Contents ;
---------------------
  1. Legal Notice
  2. Flow Summary
  3. Flow Settings
  4. Flow Non-Default Global Settings
  5. Flow Elapsed Time
  6. Flow OS Summary
  7. Flow Log
  8. Flow Messages
  9. Flow Suppressed Messages



----------------
; Legal Notice ;
----------------
Copyright (C) 2018  Intel Corporation. All rights reserved.
Your use of Intel Corporation's design tools, logic functions 
and other software and tools, and its AMPP partner logic 
functions, and any output files from any of the foregoing 
(including device programming or simulation files), and any 
associated documentation or information are expressly subject 
to the terms and conditions of the Intel Program License 
Subscription Agreement, the Intel Quartus Prime License Agreement,
the Intel FPGA IP License Agreement, or other applicable license
agreement, including, without limitation, that your use is for
the sole purpose of programming logic devices manufactured by
Intel and sold by Intel or its authorized distributors.  Please
refer to the applicable agreement for further details.



+-------------------------------------------------------------------------------+
; Flow Summary                                                                  ;
+---------------------------------+---------------------------------------------+
; Flow Status                     ; Successful - Fri Mar 29 15:40:28 2019       ;
; Quartus Prime Version           ; 18.1.0 Build 625 09/12/2018 SJ Lite Edition ;
; Revision Name                   ; Processor                                   ;
; Top-level Entity Name           ; processor_board                             ;
; Family                          ; Cyclone V                                   ;
; Device                          ; 5CSEMA5F31C6                                ;
; Timing Models                   ; Final                                       ;
; Logic utilization (in ALMs)     ; 96 / 32,070 ( < 1 % )                       ;
; Total registers                 ; 92                                          ;
; Total pins                      ; 24 / 457 ( 5 % )                            ;
; Total virtual pins              ; 0                                           ;
; Total block memory bits         ; 0 / 4,065,280 ( 0 % )                       ;
; Total DSP Blocks                ; 0 / 87 ( 0 % )                              ;
; Total HSSI RX PCSs              ; 0                                           ;
; Total HSSI PMA RX Deserializers ; 0                                           ;
; Total HSSI TX PCSs              ; 0                                           ;
; Total HSSI PMA TX Serializers   ; 0                                           ;
; Total PLLs                      ; 0 / 6 ( 0 % )                               ;
; Total DLLs                      ; 0 / 4 ( 0 % )                               ;
+---------------------------------+---------------------------------------------+


+-----------------------------------------+
; Flow Settings                           ;
+-------------------+---------------------+
; Option            ; Setting             ;
+-------------------+---------------------+
; Start date & time ; 03/29/2019 15:35:59 ;
; Main task         ; Compilation         ;
; Revision Name     ; Processor           ;
+-------------------+---------------------+


+---------------------------------------------------------------------------------------------------------------------------------------+
; Flow Non-Default Global Settings                                                                                                      ;
+--------------------------------------+----------------------------------------+---------------+-----------------+---------------------+
; Assignment Name                      ; Value                                  ; Default Value ; Entity Name     ; Section Id          ;
+--------------------------------------+----------------------------------------+---------------+-----------------+---------------------+
; COMPILER_SIGNATURE_ID                ; 10995770589200.155388815708340         ; --            ; --              ; --                  ;
; EDA_DESIGN_INSTANCE_NAME             ; NA                                     ; --            ; --              ; multiplexer_vhd_tst ;
; EDA_DESIGN_INSTANCE_NAME             ; NA                                     ; --            ; --              ; processor_vhd_tst   ;
; EDA_DESIGN_INSTANCE_NAME             ; NA                                     ; --            ; --              ; controlFSM_vhd_tst  ;
; EDA_DESIGN_INSTANCE_NAME             ; NA                                     ; --            ; --              ; AddSub_vhd_tst      ;
; EDA_DESIGN_INSTANCE_NAME             ; NA                                     ; --            ; --              ; regN_vhd_tst        ;
; EDA_NATIVELINK_SIMULATION_TEST_BENCH ; processor_vhd_tst                      ; --            ; --              ; eda_simulation      ;
; EDA_OUTPUT_DATA_FORMAT               ; Vhdl                                   ; --            ; --              ; eda_simulation      ;
; EDA_SIMULATION_TOOL                  ; ModelSim-Altera (VHDL)                 ; <None>        ; --              ; --                  ;
; EDA_TEST_BENCH_ENABLE_STATUS         ; TEST_BENCH_MODE                        ; --            ; --              ; eda_simulation      ;
; EDA_TEST_BENCH_FILE                  ; simulation/modelsim/multiplexer.vht    ; --            ; --              ; multiplexer_vhd_tst ;
; EDA_TEST_BENCH_FILE                  ; simulation/modelsim/processor.vht      ; --            ; --              ; processor_vhd_tst   ;
; EDA_TEST_BENCH_FILE                  ; simulation/modelsim/controlFSM.vht     ; --            ; --              ; controlFSM_vhd_tst  ;
; EDA_TEST_BENCH_FILE                  ; simulation/modelsim/AddSub.vht         ; --            ; --              ; AddSub_vhd_tst      ;
; EDA_TEST_BENCH_FILE                  ; simulation/modelsim/regN.vht           ; --            ; --              ; regN_vhd_tst        ;
; EDA_TEST_BENCH_MODULE_NAME           ; multiplexer_vhd_tst                    ; --            ; --              ; multiplexer_vhd_tst ;
; EDA_TEST_BENCH_MODULE_NAME           ; processor_vhd_tst                      ; --            ; --              ; processor_vhd_tst   ;
; EDA_TEST_BENCH_MODULE_NAME           ; controlFSM_vhd_tst                     ; --            ; --              ; controlFSM_vhd_tst  ;
; EDA_TEST_BENCH_MODULE_NAME           ; AddSub_vhd_tst                         ; --            ; --              ; AddSub_vhd_tst      ;
; EDA_TEST_BENCH_MODULE_NAME           ; regN_vhd_tst                           ; --            ; --              ; regN_vhd_tst        ;
; EDA_TEST_BENCH_NAME                  ; regN_vhd_tst                           ; --            ; --              ; eda_simulation      ;
; EDA_TEST_BENCH_NAME                  ; multiplexer_vhd_tst                    ; --            ; --              ; eda_simulation      ;
; EDA_TEST_BENCH_NAME                  ; controlFSM_vhd_tst                     ; --            ; --              ; eda_simulation      ;
; EDA_TEST_BENCH_NAME                  ; AddSub_vhd_tst                         ; --            ; --              ; eda_simulation      ;
; EDA_TEST_BENCH_NAME                  ; processor_vhd_tst                      ; --            ; --              ; eda_simulation      ;
; EDA_TIME_SCALE                       ; 1 ps                                   ; --            ; --              ; eda_simulation      ;
; MAX_CORE_JUNCTION_TEMP               ; 85                                     ; --            ; --              ; --                  ;
; MIN_CORE_JUNCTION_TEMP               ; 0                                      ; --            ; --              ; --                  ;
; PARTITION_COLOR                      ; -- (Not supported for targeted family) ; --            ; processor_board ; Top                 ;
; PARTITION_FITTER_PRESERVATION_LEVEL  ; -- (Not supported for targeted family) ; --            ; processor_board ; Top                 ;
; PARTITION_NETLIST_TYPE               ; -- (Not supported for targeted family) ; --            ; processor_board ; Top                 ;
; POWER_BOARD_THERMAL_MODEL            ; None (CONSERVATIVE)                    ; --            ; --              ; --                  ;
; POWER_PRESET_COOLING_SOLUTION        ; 23 MM HEAT SINK WITH 200 LFPM AIRFLOW  ; --            ; --              ; --                  ;
; PROJECT_OUTPUT_DIRECTORY             ; output_files                           ; --            ; --              ; --                  ;
; TOP_LEVEL_ENTITY                     ; processor_board                        ; Processor     ; --              ; --                  ;
+--------------------------------------+----------------------------------------+---------------+-----------------+---------------------+


+--------------------------------------------------------------------------------------------------------------------------+
; Flow Elapsed Time                                                                                                        ;
+----------------------+--------------+-------------------------+---------------------+------------------------------------+
; Module Name          ; Elapsed Time ; Average Processors Used ; Peak Virtual Memory ; Total CPU Time (on all processors) ;
+----------------------+--------------+-------------------------+---------------------+------------------------------------+
; Analysis & Synthesis ; 00:00:44     ; 1.0                     ; 4915 MB             ; 00:00:50                           ;
; Fitter               ; 00:03:04     ; 1.0                     ; 6371 MB             ; 00:03:22                           ;
; Assembler            ; 00:00:16     ; 1.0                     ; 4875 MB             ; 00:00:11                           ;
; Timing Analyzer      ; 00:00:13     ; 1.1                     ; 5168 MB             ; 00:00:10                           ;
; EDA Netlist Writer   ; 00:00:05     ; 1.0                     ; 4780 MB             ; 00:00:04                           ;
; Total                ; 00:04:22     ; --                      ; --                  ; 00:04:37                           ;
+----------------------+--------------+-------------------------+---------------------+------------------------------------+


+------------------------------------------------------------------------------------+
; Flow OS Summary                                                                    ;
+----------------------+------------------+------------+------------+----------------+
; Module Name          ; Machine Hostname ; OS Name    ; OS Version ; Processor type ;
+----------------------+------------------+------------+------------+----------------+
; Analysis & Synthesis ; YOGA-Aayahna     ; Windows 10 ; 10.0       ; x86_64         ;
; Fitter               ; YOGA-Aayahna     ; Windows 10 ; 10.0       ; x86_64         ;
; Assembler            ; YOGA-Aayahna     ; Windows 10 ; 10.0       ; x86_64         ;
; Timing Analyzer      ; YOGA-Aayahna     ; Windows 10 ; 10.0       ; x86_64         ;
; EDA Netlist Writer   ; YOGA-Aayahna     ; Windows 10 ; 10.0       ; x86_64         ;
+----------------------+------------------+------------+------------+----------------+


------------
; Flow Log ;
------------
quartus_map --read_settings_files=on --write_settings_files=off Processor -c Processor
quartus_fit --read_settings_files=off --write_settings_files=off Processor -c Processor
quartus_asm --read_settings_files=off --write_settings_files=off Processor -c Processor
quartus_sta Processor -c Processor
quartus_eda --read_settings_files=off --write_settings_files=off Processor -c Processor



